[2024-06-13T21:02:03.469+0000] {processor.py:161} INFO - Started process (PID=36) to work on /opt/airflow/dags/fill_data.py
[2024-06-13T21:02:03.470+0000] {processor.py:830} INFO - Processing file /opt/airflow/dags/fill_data.py for tasks to queue
[2024-06-13T21:02:03.471+0000] {logging_mixin.py:188} INFO - [2024-06-13T21:02:03.471+0000] {dagbag.py:545} INFO - Filling up the DagBag from /opt/airflow/dags/fill_data.py
[2024-06-13T21:02:04.184+0000] {processor.py:840} INFO - DAG(s) 'fill_data' retrieved from /opt/airflow/dags/fill_data.py
[2024-06-13T21:02:04.202+0000] {logging_mixin.py:188} INFO - [2024-06-13T21:02:04.202+0000] {override.py:1829} INFO - Created Permission View: can delete on DAG:fill_data
[2024-06-13T21:02:04.206+0000] {logging_mixin.py:188} INFO - [2024-06-13T21:02:04.205+0000] {override.py:1829} INFO - Created Permission View: can edit on DAG:fill_data
[2024-06-13T21:02:04.208+0000] {logging_mixin.py:188} INFO - [2024-06-13T21:02:04.208+0000] {override.py:1829} INFO - Created Permission View: can read on DAG:fill_data
[2024-06-13T21:02:04.208+0000] {logging_mixin.py:188} INFO - [2024-06-13T21:02:04.208+0000] {dag.py:3096} INFO - Sync 1 DAGs
[2024-06-13T21:02:04.211+0000] {logging_mixin.py:188} INFO - [2024-06-13T21:02:04.211+0000] {dag.py:3118} INFO - Creating ORM DAG for fill_data
[2024-06-13T21:02:04.214+0000] {logging_mixin.py:188} INFO - [2024-06-13T21:02:04.213+0000] {dag.py:3954} INFO - Setting next_dagrun for fill_data to 2024-06-01 00:00:00+00:00, run_after=2024-06-02 00:00:00+00:00
[2024-06-13T21:02:04.219+0000] {processor.py:183} INFO - Processing /opt/airflow/dags/fill_data.py took 0.753 seconds
[2024-06-13T21:02:40.512+0000] {processor.py:161} INFO - Started process (PID=54) to work on /opt/airflow/dags/fill_data.py
[2024-06-13T21:02:40.513+0000] {processor.py:830} INFO - Processing file /opt/airflow/dags/fill_data.py for tasks to queue
[2024-06-13T21:02:40.515+0000] {logging_mixin.py:188} INFO - [2024-06-13T21:02:40.515+0000] {dagbag.py:545} INFO - Filling up the DagBag from /opt/airflow/dags/fill_data.py
[2024-06-13T21:02:40.751+0000] {processor.py:840} INFO - DAG(s) 'fill_data' retrieved from /opt/airflow/dags/fill_data.py
[2024-06-13T21:02:40.756+0000] {logging_mixin.py:188} INFO - [2024-06-13T21:02:40.756+0000] {dag.py:3096} INFO - Sync 1 DAGs
[2024-06-13T21:02:40.762+0000] {logging_mixin.py:188} INFO - [2024-06-13T21:02:40.762+0000] {dag.py:3954} INFO - Setting next_dagrun for fill_data to 2024-06-01 00:00:00+00:00, run_after=2024-06-02 00:00:00+00:00
[2024-06-13T21:02:40.768+0000] {processor.py:183} INFO - Processing /opt/airflow/dags/fill_data.py took 0.263 seconds
[2024-06-13T21:03:14.575+0000] {processor.py:161} INFO - Started process (PID=71) to work on /opt/airflow/dags/fill_data.py
[2024-06-13T21:03:14.577+0000] {processor.py:830} INFO - Processing file /opt/airflow/dags/fill_data.py for tasks to queue
[2024-06-13T21:03:14.578+0000] {logging_mixin.py:188} INFO - [2024-06-13T21:03:14.578+0000] {dagbag.py:545} INFO - Filling up the DagBag from /opt/airflow/dags/fill_data.py
[2024-06-13T21:03:14.776+0000] {processor.py:840} INFO - DAG(s) 'fill_data' retrieved from /opt/airflow/dags/fill_data.py
[2024-06-13T21:03:14.781+0000] {logging_mixin.py:188} INFO - [2024-06-13T21:03:14.781+0000] {dag.py:3096} INFO - Sync 1 DAGs
[2024-06-13T21:03:14.787+0000] {logging_mixin.py:188} INFO - [2024-06-13T21:03:14.787+0000] {dag.py:3954} INFO - Setting next_dagrun for fill_data to 2024-06-01 00:00:00+00:00, run_after=2024-06-02 00:00:00+00:00
[2024-06-13T21:03:14.793+0000] {processor.py:183} INFO - Processing /opt/airflow/dags/fill_data.py took 0.224 seconds
[2024-06-13T21:03:48.936+0000] {processor.py:161} INFO - Started process (PID=88) to work on /opt/airflow/dags/fill_data.py
[2024-06-13T21:03:48.937+0000] {processor.py:830} INFO - Processing file /opt/airflow/dags/fill_data.py for tasks to queue
[2024-06-13T21:03:48.939+0000] {logging_mixin.py:188} INFO - [2024-06-13T21:03:48.938+0000] {dagbag.py:545} INFO - Filling up the DagBag from /opt/airflow/dags/fill_data.py
[2024-06-13T21:03:49.161+0000] {processor.py:840} INFO - DAG(s) 'fill_data' retrieved from /opt/airflow/dags/fill_data.py
[2024-06-13T21:03:49.166+0000] {logging_mixin.py:188} INFO - [2024-06-13T21:03:49.166+0000] {dag.py:3096} INFO - Sync 1 DAGs
[2024-06-13T21:03:49.171+0000] {logging_mixin.py:188} INFO - [2024-06-13T21:03:49.171+0000] {dag.py:3954} INFO - Setting next_dagrun for fill_data to 2024-06-01 00:00:00+00:00, run_after=2024-06-02 00:00:00+00:00
[2024-06-13T21:03:49.178+0000] {processor.py:183} INFO - Processing /opt/airflow/dags/fill_data.py took 0.247 seconds
[2024-06-13T21:04:23.460+0000] {processor.py:161} INFO - Started process (PID=105) to work on /opt/airflow/dags/fill_data.py
[2024-06-13T21:04:23.461+0000] {processor.py:830} INFO - Processing file /opt/airflow/dags/fill_data.py for tasks to queue
[2024-06-13T21:04:23.462+0000] {logging_mixin.py:188} INFO - [2024-06-13T21:04:23.462+0000] {dagbag.py:545} INFO - Filling up the DagBag from /opt/airflow/dags/fill_data.py
[2024-06-13T21:04:23.663+0000] {processor.py:840} INFO - DAG(s) 'fill_data' retrieved from /opt/airflow/dags/fill_data.py
[2024-06-13T21:04:23.668+0000] {logging_mixin.py:188} INFO - [2024-06-13T21:04:23.668+0000] {dag.py:3096} INFO - Sync 1 DAGs
[2024-06-13T21:04:23.673+0000] {logging_mixin.py:188} INFO - [2024-06-13T21:04:23.673+0000] {dag.py:3954} INFO - Setting next_dagrun for fill_data to 2024-06-01 00:00:00+00:00, run_after=2024-06-02 00:00:00+00:00
[2024-06-13T21:04:23.680+0000] {processor.py:183} INFO - Processing /opt/airflow/dags/fill_data.py took 0.224 seconds
[2024-06-13T21:04:57.973+0000] {processor.py:161} INFO - Started process (PID=122) to work on /opt/airflow/dags/fill_data.py
[2024-06-13T21:04:57.974+0000] {processor.py:830} INFO - Processing file /opt/airflow/dags/fill_data.py for tasks to queue
[2024-06-13T21:04:57.976+0000] {logging_mixin.py:188} INFO - [2024-06-13T21:04:57.976+0000] {dagbag.py:545} INFO - Filling up the DagBag from /opt/airflow/dags/fill_data.py
[2024-06-13T21:04:58.170+0000] {processor.py:840} INFO - DAG(s) 'fill_data' retrieved from /opt/airflow/dags/fill_data.py
[2024-06-13T21:04:58.175+0000] {logging_mixin.py:188} INFO - [2024-06-13T21:04:58.175+0000] {dag.py:3096} INFO - Sync 1 DAGs
[2024-06-13T21:04:58.180+0000] {logging_mixin.py:188} INFO - [2024-06-13T21:04:58.180+0000] {dag.py:3954} INFO - Setting next_dagrun for fill_data to 2024-06-01 00:00:00+00:00, run_after=2024-06-02 00:00:00+00:00
[2024-06-13T21:04:58.187+0000] {processor.py:183} INFO - Processing /opt/airflow/dags/fill_data.py took 0.220 seconds
[2024-06-13T21:05:32.242+0000] {processor.py:161} INFO - Started process (PID=139) to work on /opt/airflow/dags/fill_data.py
[2024-06-13T21:05:32.243+0000] {processor.py:830} INFO - Processing file /opt/airflow/dags/fill_data.py for tasks to queue
[2024-06-13T21:05:32.244+0000] {logging_mixin.py:188} INFO - [2024-06-13T21:05:32.244+0000] {dagbag.py:545} INFO - Filling up the DagBag from /opt/airflow/dags/fill_data.py
[2024-06-13T21:05:32.451+0000] {processor.py:840} INFO - DAG(s) 'fill_data' retrieved from /opt/airflow/dags/fill_data.py
[2024-06-13T21:05:32.456+0000] {logging_mixin.py:188} INFO - [2024-06-13T21:05:32.456+0000] {dag.py:3096} INFO - Sync 1 DAGs
[2024-06-13T21:05:32.461+0000] {logging_mixin.py:188} INFO - [2024-06-13T21:05:32.461+0000] {dag.py:3954} INFO - Setting next_dagrun for fill_data to 2024-06-01 00:00:00+00:00, run_after=2024-06-02 00:00:00+00:00
[2024-06-13T21:05:32.468+0000] {processor.py:183} INFO - Processing /opt/airflow/dags/fill_data.py took 0.231 seconds
[2024-06-13T21:06:06.570+0000] {processor.py:161} INFO - Started process (PID=156) to work on /opt/airflow/dags/fill_data.py
[2024-06-13T21:06:06.571+0000] {processor.py:830} INFO - Processing file /opt/airflow/dags/fill_data.py for tasks to queue
[2024-06-13T21:06:06.572+0000] {logging_mixin.py:188} INFO - [2024-06-13T21:06:06.572+0000] {dagbag.py:545} INFO - Filling up the DagBag from /opt/airflow/dags/fill_data.py
[2024-06-13T21:06:06.782+0000] {processor.py:840} INFO - DAG(s) 'fill_data' retrieved from /opt/airflow/dags/fill_data.py
[2024-06-13T21:06:06.787+0000] {logging_mixin.py:188} INFO - [2024-06-13T21:06:06.787+0000] {dag.py:3096} INFO - Sync 1 DAGs
[2024-06-13T21:06:06.792+0000] {logging_mixin.py:188} INFO - [2024-06-13T21:06:06.792+0000] {dag.py:3954} INFO - Setting next_dagrun for fill_data to 2024-06-01 00:00:00+00:00, run_after=2024-06-02 00:00:00+00:00
[2024-06-13T21:06:06.800+0000] {processor.py:183} INFO - Processing /opt/airflow/dags/fill_data.py took 0.235 seconds
[2024-06-13T21:06:40.885+0000] {processor.py:161} INFO - Started process (PID=173) to work on /opt/airflow/dags/fill_data.py
[2024-06-13T21:06:40.886+0000] {processor.py:830} INFO - Processing file /opt/airflow/dags/fill_data.py for tasks to queue
[2024-06-13T21:06:40.888+0000] {logging_mixin.py:188} INFO - [2024-06-13T21:06:40.887+0000] {dagbag.py:545} INFO - Filling up the DagBag from /opt/airflow/dags/fill_data.py
[2024-06-13T21:06:41.154+0000] {processor.py:840} INFO - DAG(s) 'fill_data' retrieved from /opt/airflow/dags/fill_data.py
[2024-06-13T21:06:41.162+0000] {logging_mixin.py:188} INFO - [2024-06-13T21:06:41.162+0000] {dag.py:3096} INFO - Sync 1 DAGs
[2024-06-13T21:06:41.169+0000] {logging_mixin.py:188} INFO - [2024-06-13T21:06:41.169+0000] {dag.py:3954} INFO - Setting next_dagrun for fill_data to 2024-06-01 00:00:00+00:00, run_after=2024-06-02 00:00:00+00:00
[2024-06-13T21:06:41.180+0000] {processor.py:183} INFO - Processing /opt/airflow/dags/fill_data.py took 0.302 seconds
[2024-06-13T21:07:15.700+0000] {processor.py:161} INFO - Started process (PID=190) to work on /opt/airflow/dags/fill_data.py
[2024-06-13T21:07:15.701+0000] {processor.py:830} INFO - Processing file /opt/airflow/dags/fill_data.py for tasks to queue
[2024-06-13T21:07:15.703+0000] {logging_mixin.py:188} INFO - [2024-06-13T21:07:15.703+0000] {dagbag.py:545} INFO - Filling up the DagBag from /opt/airflow/dags/fill_data.py
[2024-06-13T21:07:15.921+0000] {processor.py:840} INFO - DAG(s) 'fill_data' retrieved from /opt/airflow/dags/fill_data.py
[2024-06-13T21:07:15.926+0000] {logging_mixin.py:188} INFO - [2024-06-13T21:07:15.926+0000] {dag.py:3096} INFO - Sync 1 DAGs
[2024-06-13T21:07:15.932+0000] {logging_mixin.py:188} INFO - [2024-06-13T21:07:15.932+0000] {dag.py:3954} INFO - Setting next_dagrun for fill_data to 2024-06-01 00:00:00+00:00, run_after=2024-06-02 00:00:00+00:00
[2024-06-13T21:07:15.939+0000] {processor.py:183} INFO - Processing /opt/airflow/dags/fill_data.py took 0.246 seconds
[2024-06-13T21:07:49.588+0000] {processor.py:161} INFO - Started process (PID=207) to work on /opt/airflow/dags/fill_data.py
[2024-06-13T21:07:49.589+0000] {processor.py:830} INFO - Processing file /opt/airflow/dags/fill_data.py for tasks to queue
[2024-06-13T21:07:49.591+0000] {logging_mixin.py:188} INFO - [2024-06-13T21:07:49.590+0000] {dagbag.py:545} INFO - Filling up the DagBag from /opt/airflow/dags/fill_data.py
[2024-06-13T21:07:49.801+0000] {processor.py:840} INFO - DAG(s) 'fill_data' retrieved from /opt/airflow/dags/fill_data.py
[2024-06-13T21:07:49.806+0000] {logging_mixin.py:188} INFO - [2024-06-13T21:07:49.806+0000] {dag.py:3096} INFO - Sync 1 DAGs
[2024-06-13T21:07:49.812+0000] {logging_mixin.py:188} INFO - [2024-06-13T21:07:49.812+0000] {dag.py:3954} INFO - Setting next_dagrun for fill_data to 2024-06-01 00:00:00+00:00, run_after=2024-06-02 00:00:00+00:00
[2024-06-13T21:07:49.818+0000] {processor.py:183} INFO - Processing /opt/airflow/dags/fill_data.py took 0.235 seconds
[2024-06-13T21:08:23.354+0000] {processor.py:161} INFO - Started process (PID=224) to work on /opt/airflow/dags/fill_data.py
[2024-06-13T21:08:23.356+0000] {processor.py:830} INFO - Processing file /opt/airflow/dags/fill_data.py for tasks to queue
[2024-06-13T21:08:23.357+0000] {logging_mixin.py:188} INFO - [2024-06-13T21:08:23.357+0000] {dagbag.py:545} INFO - Filling up the DagBag from /opt/airflow/dags/fill_data.py
[2024-06-13T21:08:23.553+0000] {processor.py:840} INFO - DAG(s) 'fill_data' retrieved from /opt/airflow/dags/fill_data.py
[2024-06-13T21:08:23.558+0000] {logging_mixin.py:188} INFO - [2024-06-13T21:08:23.558+0000] {dag.py:3096} INFO - Sync 1 DAGs
[2024-06-13T21:08:23.563+0000] {logging_mixin.py:188} INFO - [2024-06-13T21:08:23.563+0000] {dag.py:3954} INFO - Setting next_dagrun for fill_data to 2024-06-01 00:00:00+00:00, run_after=2024-06-02 00:00:00+00:00
[2024-06-13T21:08:23.570+0000] {processor.py:183} INFO - Processing /opt/airflow/dags/fill_data.py took 0.223 seconds
[2024-06-13T21:08:57.138+0000] {processor.py:161} INFO - Started process (PID=241) to work on /opt/airflow/dags/fill_data.py
[2024-06-13T21:08:57.139+0000] {processor.py:830} INFO - Processing file /opt/airflow/dags/fill_data.py for tasks to queue
[2024-06-13T21:08:57.140+0000] {logging_mixin.py:188} INFO - [2024-06-13T21:08:57.140+0000] {dagbag.py:545} INFO - Filling up the DagBag from /opt/airflow/dags/fill_data.py
[2024-06-13T21:08:57.366+0000] {processor.py:840} INFO - DAG(s) 'fill_data' retrieved from /opt/airflow/dags/fill_data.py
[2024-06-13T21:08:57.371+0000] {logging_mixin.py:188} INFO - [2024-06-13T21:08:57.371+0000] {dag.py:3096} INFO - Sync 1 DAGs
[2024-06-13T21:08:57.376+0000] {logging_mixin.py:188} INFO - [2024-06-13T21:08:57.376+0000] {dag.py:3954} INFO - Setting next_dagrun for fill_data to 2024-06-01 00:00:00+00:00, run_after=2024-06-02 00:00:00+00:00
[2024-06-13T21:08:57.383+0000] {processor.py:183} INFO - Processing /opt/airflow/dags/fill_data.py took 0.250 seconds
[2024-06-13T21:09:30.995+0000] {processor.py:161} INFO - Started process (PID=258) to work on /opt/airflow/dags/fill_data.py
[2024-06-13T21:09:30.996+0000] {processor.py:830} INFO - Processing file /opt/airflow/dags/fill_data.py for tasks to queue
[2024-06-13T21:09:30.999+0000] {logging_mixin.py:188} INFO - [2024-06-13T21:09:30.999+0000] {dagbag.py:545} INFO - Filling up the DagBag from /opt/airflow/dags/fill_data.py
[2024-06-13T21:09:31.171+0000] {processor.py:840} INFO - DAG(s) 'fill_data' retrieved from /opt/airflow/dags/fill_data.py
[2024-06-13T21:09:31.177+0000] {logging_mixin.py:188} INFO - [2024-06-13T21:09:31.177+0000] {dag.py:3096} INFO - Sync 1 DAGs
[2024-06-13T21:09:31.183+0000] {logging_mixin.py:188} INFO - [2024-06-13T21:09:31.183+0000] {dag.py:3954} INFO - Setting next_dagrun for fill_data to 2024-06-01 00:00:00+00:00, run_after=2024-06-02 00:00:00+00:00
[2024-06-13T21:09:31.190+0000] {processor.py:183} INFO - Processing /opt/airflow/dags/fill_data.py took 0.201 seconds
[2024-06-13T21:10:05.149+0000] {processor.py:161} INFO - Started process (PID=275) to work on /opt/airflow/dags/fill_data.py
[2024-06-13T21:10:05.150+0000] {processor.py:830} INFO - Processing file /opt/airflow/dags/fill_data.py for tasks to queue
[2024-06-13T21:10:05.151+0000] {logging_mixin.py:188} INFO - [2024-06-13T21:10:05.151+0000] {dagbag.py:545} INFO - Filling up the DagBag from /opt/airflow/dags/fill_data.py
[2024-06-13T21:10:05.309+0000] {processor.py:840} INFO - DAG(s) 'fill_data' retrieved from /opt/airflow/dags/fill_data.py
[2024-06-13T21:10:05.316+0000] {logging_mixin.py:188} INFO - [2024-06-13T21:10:05.315+0000] {dag.py:3096} INFO - Sync 1 DAGs
[2024-06-13T21:10:05.321+0000] {logging_mixin.py:188} INFO - [2024-06-13T21:10:05.321+0000] {dag.py:3954} INFO - Setting next_dagrun for fill_data to 2024-06-01 00:00:00+00:00, run_after=2024-06-02 00:00:00+00:00
[2024-06-13T21:10:05.329+0000] {processor.py:183} INFO - Processing /opt/airflow/dags/fill_data.py took 0.187 seconds
[2024-06-13T21:10:38.984+0000] {processor.py:161} INFO - Started process (PID=292) to work on /opt/airflow/dags/fill_data.py
[2024-06-13T21:10:38.985+0000] {processor.py:830} INFO - Processing file /opt/airflow/dags/fill_data.py for tasks to queue
[2024-06-13T21:10:38.987+0000] {logging_mixin.py:188} INFO - [2024-06-13T21:10:38.986+0000] {dagbag.py:545} INFO - Filling up the DagBag from /opt/airflow/dags/fill_data.py
[2024-06-13T21:10:39.149+0000] {processor.py:840} INFO - DAG(s) 'fill_data' retrieved from /opt/airflow/dags/fill_data.py
[2024-06-13T21:10:39.156+0000] {logging_mixin.py:188} INFO - [2024-06-13T21:10:39.156+0000] {dag.py:3096} INFO - Sync 1 DAGs
[2024-06-13T21:10:39.162+0000] {logging_mixin.py:188} INFO - [2024-06-13T21:10:39.162+0000] {dag.py:3954} INFO - Setting next_dagrun for fill_data to 2024-06-01 00:00:00+00:00, run_after=2024-06-02 00:00:00+00:00
[2024-06-13T21:10:39.169+0000] {processor.py:183} INFO - Processing /opt/airflow/dags/fill_data.py took 0.194 seconds
[2024-06-13T21:11:12.733+0000] {processor.py:161} INFO - Started process (PID=309) to work on /opt/airflow/dags/fill_data.py
[2024-06-13T21:11:12.735+0000] {processor.py:830} INFO - Processing file /opt/airflow/dags/fill_data.py for tasks to queue
[2024-06-13T21:11:12.737+0000] {logging_mixin.py:188} INFO - [2024-06-13T21:11:12.736+0000] {dagbag.py:545} INFO - Filling up the DagBag from /opt/airflow/dags/fill_data.py
[2024-06-13T21:11:12.916+0000] {processor.py:840} INFO - DAG(s) 'fill_data' retrieved from /opt/airflow/dags/fill_data.py
[2024-06-13T21:11:12.922+0000] {logging_mixin.py:188} INFO - [2024-06-13T21:11:12.922+0000] {dag.py:3096} INFO - Sync 1 DAGs
[2024-06-13T21:11:12.929+0000] {logging_mixin.py:188} INFO - [2024-06-13T21:11:12.929+0000] {dag.py:3954} INFO - Setting next_dagrun for fill_data to 2024-06-01 00:00:00+00:00, run_after=2024-06-02 00:00:00+00:00
[2024-06-13T21:11:12.936+0000] {processor.py:183} INFO - Processing /opt/airflow/dags/fill_data.py took 0.210 seconds
[2024-06-13T21:11:46.399+0000] {processor.py:161} INFO - Started process (PID=326) to work on /opt/airflow/dags/fill_data.py
[2024-06-13T21:11:46.400+0000] {processor.py:830} INFO - Processing file /opt/airflow/dags/fill_data.py for tasks to queue
[2024-06-13T21:11:46.401+0000] {logging_mixin.py:188} INFO - [2024-06-13T21:11:46.401+0000] {dagbag.py:545} INFO - Filling up the DagBag from /opt/airflow/dags/fill_data.py
[2024-06-13T21:11:46.559+0000] {processor.py:840} INFO - DAG(s) 'fill_data' retrieved from /opt/airflow/dags/fill_data.py
[2024-06-13T21:11:46.566+0000] {logging_mixin.py:188} INFO - [2024-06-13T21:11:46.566+0000] {dag.py:3096} INFO - Sync 1 DAGs
[2024-06-13T21:11:46.572+0000] {logging_mixin.py:188} INFO - [2024-06-13T21:11:46.572+0000] {dag.py:3954} INFO - Setting next_dagrun for fill_data to 2024-06-01 00:00:00+00:00, run_after=2024-06-02 00:00:00+00:00
[2024-06-13T21:11:46.580+0000] {processor.py:183} INFO - Processing /opt/airflow/dags/fill_data.py took 0.186 seconds
[2024-06-13T21:12:20.182+0000] {processor.py:161} INFO - Started process (PID=343) to work on /opt/airflow/dags/fill_data.py
[2024-06-13T21:12:20.183+0000] {processor.py:830} INFO - Processing file /opt/airflow/dags/fill_data.py for tasks to queue
[2024-06-13T21:12:20.186+0000] {logging_mixin.py:188} INFO - [2024-06-13T21:12:20.185+0000] {dagbag.py:545} INFO - Filling up the DagBag from /opt/airflow/dags/fill_data.py
[2024-06-13T21:12:20.365+0000] {processor.py:840} INFO - DAG(s) 'fill_data' retrieved from /opt/airflow/dags/fill_data.py
[2024-06-13T21:12:20.371+0000] {logging_mixin.py:188} INFO - [2024-06-13T21:12:20.371+0000] {dag.py:3096} INFO - Sync 1 DAGs
[2024-06-13T21:12:20.377+0000] {logging_mixin.py:188} INFO - [2024-06-13T21:12:20.377+0000] {dag.py:3954} INFO - Setting next_dagrun for fill_data to 2024-06-01 00:00:00+00:00, run_after=2024-06-02 00:00:00+00:00
[2024-06-13T21:12:20.385+0000] {processor.py:183} INFO - Processing /opt/airflow/dags/fill_data.py took 0.210 seconds
[2024-06-13T21:12:54.078+0000] {processor.py:161} INFO - Started process (PID=360) to work on /opt/airflow/dags/fill_data.py
[2024-06-13T21:12:54.079+0000] {processor.py:830} INFO - Processing file /opt/airflow/dags/fill_data.py for tasks to queue
[2024-06-13T21:12:54.081+0000] {logging_mixin.py:188} INFO - [2024-06-13T21:12:54.080+0000] {dagbag.py:545} INFO - Filling up the DagBag from /opt/airflow/dags/fill_data.py
[2024-06-13T21:12:54.247+0000] {processor.py:840} INFO - DAG(s) 'fill_data' retrieved from /opt/airflow/dags/fill_data.py
[2024-06-13T21:12:54.254+0000] {logging_mixin.py:188} INFO - [2024-06-13T21:12:54.254+0000] {dag.py:3096} INFO - Sync 1 DAGs
[2024-06-13T21:12:54.260+0000] {logging_mixin.py:188} INFO - [2024-06-13T21:12:54.260+0000] {dag.py:3954} INFO - Setting next_dagrun for fill_data to 2024-06-01 00:00:00+00:00, run_after=2024-06-02 00:00:00+00:00
[2024-06-13T21:12:54.267+0000] {processor.py:183} INFO - Processing /opt/airflow/dags/fill_data.py took 0.196 seconds
[2024-06-13T21:13:28.090+0000] {processor.py:161} INFO - Started process (PID=377) to work on /opt/airflow/dags/fill_data.py
[2024-06-13T21:13:28.091+0000] {processor.py:830} INFO - Processing file /opt/airflow/dags/fill_data.py for tasks to queue
[2024-06-13T21:13:28.092+0000] {logging_mixin.py:188} INFO - [2024-06-13T21:13:28.092+0000] {dagbag.py:545} INFO - Filling up the DagBag from /opt/airflow/dags/fill_data.py
[2024-06-13T21:13:28.256+0000] {processor.py:840} INFO - DAG(s) 'fill_data' retrieved from /opt/airflow/dags/fill_data.py
[2024-06-13T21:13:28.263+0000] {logging_mixin.py:188} INFO - [2024-06-13T21:13:28.263+0000] {dag.py:3096} INFO - Sync 1 DAGs
[2024-06-13T21:13:28.269+0000] {logging_mixin.py:188} INFO - [2024-06-13T21:13:28.268+0000] {dag.py:3954} INFO - Setting next_dagrun for fill_data to 2024-06-01 00:00:00+00:00, run_after=2024-06-02 00:00:00+00:00
[2024-06-13T21:13:28.276+0000] {processor.py:183} INFO - Processing /opt/airflow/dags/fill_data.py took 0.192 seconds
[2024-06-13T21:14:01.756+0000] {processor.py:161} INFO - Started process (PID=394) to work on /opt/airflow/dags/fill_data.py
[2024-06-13T21:14:01.757+0000] {processor.py:830} INFO - Processing file /opt/airflow/dags/fill_data.py for tasks to queue
[2024-06-13T21:14:01.758+0000] {logging_mixin.py:188} INFO - [2024-06-13T21:14:01.758+0000] {dagbag.py:545} INFO - Filling up the DagBag from /opt/airflow/dags/fill_data.py
[2024-06-13T21:14:01.922+0000] {processor.py:840} INFO - DAG(s) 'fill_data' retrieved from /opt/airflow/dags/fill_data.py
[2024-06-13T21:14:01.929+0000] {logging_mixin.py:188} INFO - [2024-06-13T21:14:01.929+0000] {dag.py:3096} INFO - Sync 1 DAGs
[2024-06-13T21:14:01.935+0000] {logging_mixin.py:188} INFO - [2024-06-13T21:14:01.935+0000] {dag.py:3954} INFO - Setting next_dagrun for fill_data to 2024-06-01 00:00:00+00:00, run_after=2024-06-02 00:00:00+00:00
[2024-06-13T21:14:01.942+0000] {processor.py:183} INFO - Processing /opt/airflow/dags/fill_data.py took 0.191 seconds
[2024-06-13T21:14:35.945+0000] {processor.py:161} INFO - Started process (PID=411) to work on /opt/airflow/dags/fill_data.py
[2024-06-13T21:14:35.946+0000] {processor.py:830} INFO - Processing file /opt/airflow/dags/fill_data.py for tasks to queue
[2024-06-13T21:14:35.948+0000] {logging_mixin.py:188} INFO - [2024-06-13T21:14:35.947+0000] {dagbag.py:545} INFO - Filling up the DagBag from /opt/airflow/dags/fill_data.py
[2024-06-13T21:14:36.114+0000] {processor.py:840} INFO - DAG(s) 'fill_data' retrieved from /opt/airflow/dags/fill_data.py
[2024-06-13T21:14:36.120+0000] {logging_mixin.py:188} INFO - [2024-06-13T21:14:36.120+0000] {dag.py:3096} INFO - Sync 1 DAGs
[2024-06-13T21:14:36.126+0000] {logging_mixin.py:188} INFO - [2024-06-13T21:14:36.126+0000] {dag.py:3954} INFO - Setting next_dagrun for fill_data to 2024-06-01 00:00:00+00:00, run_after=2024-06-02 00:00:00+00:00
[2024-06-13T21:14:36.135+0000] {processor.py:183} INFO - Processing /opt/airflow/dags/fill_data.py took 0.194 seconds
[2024-06-13T21:15:09.784+0000] {processor.py:161} INFO - Started process (PID=428) to work on /opt/airflow/dags/fill_data.py
[2024-06-13T21:15:09.785+0000] {processor.py:830} INFO - Processing file /opt/airflow/dags/fill_data.py for tasks to queue
[2024-06-13T21:15:09.786+0000] {logging_mixin.py:188} INFO - [2024-06-13T21:15:09.786+0000] {dagbag.py:545} INFO - Filling up the DagBag from /opt/airflow/dags/fill_data.py
[2024-06-13T21:15:09.956+0000] {processor.py:840} INFO - DAG(s) 'fill_data' retrieved from /opt/airflow/dags/fill_data.py
[2024-06-13T21:15:09.963+0000] {logging_mixin.py:188} INFO - [2024-06-13T21:15:09.962+0000] {dag.py:3096} INFO - Sync 1 DAGs
[2024-06-13T21:15:09.969+0000] {logging_mixin.py:188} INFO - [2024-06-13T21:15:09.968+0000] {dag.py:3954} INFO - Setting next_dagrun for fill_data to 2024-06-01 00:00:00+00:00, run_after=2024-06-02 00:00:00+00:00
[2024-06-13T21:15:09.977+0000] {processor.py:183} INFO - Processing /opt/airflow/dags/fill_data.py took 0.196 seconds
[2024-06-13T21:15:43.752+0000] {processor.py:161} INFO - Started process (PID=445) to work on /opt/airflow/dags/fill_data.py
[2024-06-13T21:15:43.753+0000] {processor.py:830} INFO - Processing file /opt/airflow/dags/fill_data.py for tasks to queue
[2024-06-13T21:15:43.755+0000] {logging_mixin.py:188} INFO - [2024-06-13T21:15:43.755+0000] {dagbag.py:545} INFO - Filling up the DagBag from /opt/airflow/dags/fill_data.py
[2024-06-13T21:15:43.911+0000] {processor.py:840} INFO - DAG(s) 'fill_data' retrieved from /opt/airflow/dags/fill_data.py
[2024-06-13T21:15:43.917+0000] {logging_mixin.py:188} INFO - [2024-06-13T21:15:43.917+0000] {dag.py:3096} INFO - Sync 1 DAGs
[2024-06-13T21:15:43.924+0000] {logging_mixin.py:188} INFO - [2024-06-13T21:15:43.924+0000] {dag.py:3954} INFO - Setting next_dagrun for fill_data to 2024-06-01 00:00:00+00:00, run_after=2024-06-02 00:00:00+00:00
[2024-06-13T21:15:43.931+0000] {processor.py:183} INFO - Processing /opt/airflow/dags/fill_data.py took 0.186 seconds
[2024-06-13T21:16:17.760+0000] {processor.py:161} INFO - Started process (PID=462) to work on /opt/airflow/dags/fill_data.py
[2024-06-13T21:16:17.761+0000] {processor.py:830} INFO - Processing file /opt/airflow/dags/fill_data.py for tasks to queue
[2024-06-13T21:16:17.763+0000] {logging_mixin.py:188} INFO - [2024-06-13T21:16:17.763+0000] {dagbag.py:545} INFO - Filling up the DagBag from /opt/airflow/dags/fill_data.py
[2024-06-13T21:16:17.945+0000] {processor.py:840} INFO - DAG(s) 'fill_data' retrieved from /opt/airflow/dags/fill_data.py
[2024-06-13T21:16:17.952+0000] {logging_mixin.py:188} INFO - [2024-06-13T21:16:17.952+0000] {dag.py:3096} INFO - Sync 1 DAGs
[2024-06-13T21:16:17.958+0000] {logging_mixin.py:188} INFO - [2024-06-13T21:16:17.958+0000] {dag.py:3954} INFO - Setting next_dagrun for fill_data to 2024-06-01 00:00:00+00:00, run_after=2024-06-02 00:00:00+00:00
[2024-06-13T21:16:17.966+0000] {processor.py:183} INFO - Processing /opt/airflow/dags/fill_data.py took 0.213 seconds
[2024-06-13T21:16:51.168+0000] {processor.py:161} INFO - Started process (PID=479) to work on /opt/airflow/dags/fill_data.py
[2024-06-13T21:16:51.169+0000] {processor.py:830} INFO - Processing file /opt/airflow/dags/fill_data.py for tasks to queue
[2024-06-13T21:16:51.171+0000] {logging_mixin.py:188} INFO - [2024-06-13T21:16:51.171+0000] {dagbag.py:545} INFO - Filling up the DagBag from /opt/airflow/dags/fill_data.py
[2024-06-13T21:16:51.335+0000] {processor.py:840} INFO - DAG(s) 'fill_data' retrieved from /opt/airflow/dags/fill_data.py
[2024-06-13T21:16:51.342+0000] {logging_mixin.py:188} INFO - [2024-06-13T21:16:51.342+0000] {dag.py:3096} INFO - Sync 1 DAGs
[2024-06-13T21:16:51.348+0000] {logging_mixin.py:188} INFO - [2024-06-13T21:16:51.348+0000] {dag.py:3954} INFO - Setting next_dagrun for fill_data to 2024-06-01 00:00:00+00:00, run_after=2024-06-02 00:00:00+00:00
[2024-06-13T21:16:51.355+0000] {processor.py:183} INFO - Processing /opt/airflow/dags/fill_data.py took 0.189 seconds
[2024-06-13T21:17:25.625+0000] {processor.py:161} INFO - Started process (PID=496) to work on /opt/airflow/dags/fill_data.py
[2024-06-13T21:17:25.626+0000] {processor.py:830} INFO - Processing file /opt/airflow/dags/fill_data.py for tasks to queue
[2024-06-13T21:17:25.629+0000] {logging_mixin.py:188} INFO - [2024-06-13T21:17:25.629+0000] {dagbag.py:545} INFO - Filling up the DagBag from /opt/airflow/dags/fill_data.py
[2024-06-13T21:17:25.807+0000] {processor.py:840} INFO - DAG(s) 'fill_data' retrieved from /opt/airflow/dags/fill_data.py
[2024-06-13T21:17:25.814+0000] {logging_mixin.py:188} INFO - [2024-06-13T21:17:25.814+0000] {dag.py:3096} INFO - Sync 1 DAGs
[2024-06-13T21:17:25.820+0000] {logging_mixin.py:188} INFO - [2024-06-13T21:17:25.820+0000] {dag.py:3954} INFO - Setting next_dagrun for fill_data to 2024-06-01 00:00:00+00:00, run_after=2024-06-02 00:00:00+00:00
[2024-06-13T21:17:25.827+0000] {processor.py:183} INFO - Processing /opt/airflow/dags/fill_data.py took 0.207 seconds
[2024-06-13T21:17:59.868+0000] {processor.py:161} INFO - Started process (PID=513) to work on /opt/airflow/dags/fill_data.py
[2024-06-13T21:17:59.869+0000] {processor.py:830} INFO - Processing file /opt/airflow/dags/fill_data.py for tasks to queue
[2024-06-13T21:17:59.871+0000] {logging_mixin.py:188} INFO - [2024-06-13T21:17:59.871+0000] {dagbag.py:545} INFO - Filling up the DagBag from /opt/airflow/dags/fill_data.py
[2024-06-13T21:18:00.053+0000] {processor.py:840} INFO - DAG(s) 'fill_data' retrieved from /opt/airflow/dags/fill_data.py
[2024-06-13T21:18:00.060+0000] {logging_mixin.py:188} INFO - [2024-06-13T21:18:00.060+0000] {dag.py:3096} INFO - Sync 1 DAGs
[2024-06-13T21:18:00.066+0000] {logging_mixin.py:188} INFO - [2024-06-13T21:18:00.065+0000] {dag.py:3954} INFO - Setting next_dagrun for fill_data to 2024-06-01 00:00:00+00:00, run_after=2024-06-02 00:00:00+00:00
[2024-06-13T21:18:00.073+0000] {processor.py:183} INFO - Processing /opt/airflow/dags/fill_data.py took 0.211 seconds
[2024-06-13T21:18:33.671+0000] {processor.py:161} INFO - Started process (PID=530) to work on /opt/airflow/dags/fill_data.py
[2024-06-13T21:18:33.672+0000] {processor.py:830} INFO - Processing file /opt/airflow/dags/fill_data.py for tasks to queue
[2024-06-13T21:18:33.675+0000] {logging_mixin.py:188} INFO - [2024-06-13T21:18:33.674+0000] {dagbag.py:545} INFO - Filling up the DagBag from /opt/airflow/dags/fill_data.py
[2024-06-13T21:18:33.843+0000] {processor.py:840} INFO - DAG(s) 'fill_data' retrieved from /opt/airflow/dags/fill_data.py
[2024-06-13T21:18:33.849+0000] {logging_mixin.py:188} INFO - [2024-06-13T21:18:33.849+0000] {dag.py:3096} INFO - Sync 1 DAGs
[2024-06-13T21:18:33.855+0000] {logging_mixin.py:188} INFO - [2024-06-13T21:18:33.855+0000] {dag.py:3954} INFO - Setting next_dagrun for fill_data to 2024-06-01 00:00:00+00:00, run_after=2024-06-02 00:00:00+00:00
[2024-06-13T21:18:33.863+0000] {processor.py:183} INFO - Processing /opt/airflow/dags/fill_data.py took 0.199 seconds
[2024-06-13T21:19:07.465+0000] {processor.py:161} INFO - Started process (PID=547) to work on /opt/airflow/dags/fill_data.py
[2024-06-13T21:19:07.466+0000] {processor.py:830} INFO - Processing file /opt/airflow/dags/fill_data.py for tasks to queue
[2024-06-13T21:19:07.468+0000] {logging_mixin.py:188} INFO - [2024-06-13T21:19:07.467+0000] {dagbag.py:545} INFO - Filling up the DagBag from /opt/airflow/dags/fill_data.py
[2024-06-13T21:19:07.655+0000] {processor.py:840} INFO - DAG(s) 'fill_data' retrieved from /opt/airflow/dags/fill_data.py
[2024-06-13T21:19:07.661+0000] {logging_mixin.py:188} INFO - [2024-06-13T21:19:07.661+0000] {dag.py:3096} INFO - Sync 1 DAGs
[2024-06-13T21:19:07.667+0000] {logging_mixin.py:188} INFO - [2024-06-13T21:19:07.667+0000] {dag.py:3954} INFO - Setting next_dagrun for fill_data to 2024-06-01 00:00:00+00:00, run_after=2024-06-02 00:00:00+00:00
[2024-06-13T21:19:07.674+0000] {processor.py:183} INFO - Processing /opt/airflow/dags/fill_data.py took 0.215 seconds
[2024-06-13T21:19:41.245+0000] {processor.py:161} INFO - Started process (PID=564) to work on /opt/airflow/dags/fill_data.py
[2024-06-13T21:19:41.246+0000] {processor.py:830} INFO - Processing file /opt/airflow/dags/fill_data.py for tasks to queue
[2024-06-13T21:19:41.248+0000] {logging_mixin.py:188} INFO - [2024-06-13T21:19:41.248+0000] {dagbag.py:545} INFO - Filling up the DagBag from /opt/airflow/dags/fill_data.py
[2024-06-13T21:19:41.410+0000] {processor.py:840} INFO - DAG(s) 'fill_data' retrieved from /opt/airflow/dags/fill_data.py
[2024-06-13T21:19:41.416+0000] {logging_mixin.py:188} INFO - [2024-06-13T21:19:41.416+0000] {dag.py:3096} INFO - Sync 1 DAGs
[2024-06-13T21:19:41.422+0000] {logging_mixin.py:188} INFO - [2024-06-13T21:19:41.422+0000] {dag.py:3954} INFO - Setting next_dagrun for fill_data to 2024-06-01 00:00:00+00:00, run_after=2024-06-02 00:00:00+00:00
[2024-06-13T21:19:41.430+0000] {processor.py:183} INFO - Processing /opt/airflow/dags/fill_data.py took 0.192 seconds
[2024-06-13T21:20:15.070+0000] {processor.py:161} INFO - Started process (PID=581) to work on /opt/airflow/dags/fill_data.py
[2024-06-13T21:20:15.071+0000] {processor.py:830} INFO - Processing file /opt/airflow/dags/fill_data.py for tasks to queue
[2024-06-13T21:20:15.073+0000] {logging_mixin.py:188} INFO - [2024-06-13T21:20:15.072+0000] {dagbag.py:545} INFO - Filling up the DagBag from /opt/airflow/dags/fill_data.py
[2024-06-13T21:20:15.250+0000] {processor.py:840} INFO - DAG(s) 'fill_data' retrieved from /opt/airflow/dags/fill_data.py
[2024-06-13T21:20:15.258+0000] {logging_mixin.py:188} INFO - [2024-06-13T21:20:15.257+0000] {dag.py:3096} INFO - Sync 1 DAGs
[2024-06-13T21:20:15.264+0000] {logging_mixin.py:188} INFO - [2024-06-13T21:20:15.264+0000] {dag.py:3954} INFO - Setting next_dagrun for fill_data to 2024-06-01 00:00:00+00:00, run_after=2024-06-02 00:00:00+00:00
[2024-06-13T21:20:15.272+0000] {processor.py:183} INFO - Processing /opt/airflow/dags/fill_data.py took 0.208 seconds
[2024-06-13T21:20:48.947+0000] {processor.py:161} INFO - Started process (PID=598) to work on /opt/airflow/dags/fill_data.py
[2024-06-13T21:20:48.948+0000] {processor.py:830} INFO - Processing file /opt/airflow/dags/fill_data.py for tasks to queue
[2024-06-13T21:20:48.950+0000] {logging_mixin.py:188} INFO - [2024-06-13T21:20:48.950+0000] {dagbag.py:545} INFO - Filling up the DagBag from /opt/airflow/dags/fill_data.py
[2024-06-13T21:20:49.118+0000] {processor.py:840} INFO - DAG(s) 'fill_data' retrieved from /opt/airflow/dags/fill_data.py
[2024-06-13T21:20:49.125+0000] {logging_mixin.py:188} INFO - [2024-06-13T21:20:49.124+0000] {dag.py:3096} INFO - Sync 1 DAGs
[2024-06-13T21:20:49.131+0000] {logging_mixin.py:188} INFO - [2024-06-13T21:20:49.131+0000] {dag.py:3954} INFO - Setting next_dagrun for fill_data to 2024-06-01 00:00:00+00:00, run_after=2024-06-02 00:00:00+00:00
[2024-06-13T21:20:49.138+0000] {processor.py:183} INFO - Processing /opt/airflow/dags/fill_data.py took 0.198 seconds
[2024-06-13T21:21:23.205+0000] {processor.py:161} INFO - Started process (PID=615) to work on /opt/airflow/dags/fill_data.py
[2024-06-13T21:21:23.206+0000] {processor.py:830} INFO - Processing file /opt/airflow/dags/fill_data.py for tasks to queue
[2024-06-13T21:21:23.209+0000] {logging_mixin.py:188} INFO - [2024-06-13T21:21:23.208+0000] {dagbag.py:545} INFO - Filling up the DagBag from /opt/airflow/dags/fill_data.py
[2024-06-13T21:21:23.379+0000] {processor.py:840} INFO - DAG(s) 'fill_data' retrieved from /opt/airflow/dags/fill_data.py
[2024-06-13T21:21:23.386+0000] {logging_mixin.py:188} INFO - [2024-06-13T21:21:23.386+0000] {dag.py:3096} INFO - Sync 1 DAGs
[2024-06-13T21:21:23.392+0000] {logging_mixin.py:188} INFO - [2024-06-13T21:21:23.392+0000] {dag.py:3954} INFO - Setting next_dagrun for fill_data to 2024-06-01 00:00:00+00:00, run_after=2024-06-02 00:00:00+00:00
[2024-06-13T21:21:23.401+0000] {processor.py:183} INFO - Processing /opt/airflow/dags/fill_data.py took 0.201 seconds
[2024-06-13T21:21:28.264+0000] {processor.py:161} INFO - Started process (PID=626) to work on /opt/airflow/dags/fill_data.py
[2024-06-13T21:21:28.265+0000] {processor.py:830} INFO - Processing file /opt/airflow/dags/fill_data.py for tasks to queue
[2024-06-13T21:21:28.267+0000] {logging_mixin.py:188} INFO - [2024-06-13T21:21:28.267+0000] {dagbag.py:545} INFO - Filling up the DagBag from /opt/airflow/dags/fill_data.py
[2024-06-13T21:21:28.273+0000] {logging_mixin.py:188} INFO - [2024-06-13T21:21:28.272+0000] {dagbag.py:355} ERROR - Failed to import: /opt/airflow/dags/fill_data.py
Traceback (most recent call last):
  File "/usr/local/lib/python3.11/site-packages/airflow/models/dagbag.py", line 351, in parse
    loader.exec_module(new_module)
  File "<frozen importlib._bootstrap_external>", line 936, in exec_module
  File "<frozen importlib._bootstrap_external>", line 1074, in get_code
  File "<frozen importlib._bootstrap_external>", line 1004, in source_to_code
  File "<frozen importlib._bootstrap>", line 241, in _call_with_frames_removed
  File "/opt/airflow/dags/fill_data.py", line 35
    del equipos_actuales(random_equipo)
        ^^^^^^^^^^^^^^^^^^^^^^^^^^^^^^^
SyntaxError: cannot delete function call
[2024-06-13T21:21:28.273+0000] {processor.py:842} WARNING - No viable dags retrieved from /opt/airflow/dags/fill_data.py
[2024-06-13T21:21:28.286+0000] {processor.py:183} INFO - Processing /opt/airflow/dags/fill_data.py took 0.028 seconds
[2024-06-13T21:21:31.506+0000] {processor.py:161} INFO - Started process (PID=627) to work on /opt/airflow/dags/fill_data.py
[2024-06-13T21:21:31.508+0000] {processor.py:830} INFO - Processing file /opt/airflow/dags/fill_data.py for tasks to queue
[2024-06-13T21:21:31.510+0000] {logging_mixin.py:188} INFO - [2024-06-13T21:21:31.509+0000] {dagbag.py:545} INFO - Filling up the DagBag from /opt/airflow/dags/fill_data.py
[2024-06-13T21:21:31.517+0000] {logging_mixin.py:188} INFO - [2024-06-13T21:21:31.516+0000] {dagbag.py:355} ERROR - Failed to import: /opt/airflow/dags/fill_data.py
Traceback (most recent call last):
  File "/usr/local/lib/python3.11/site-packages/airflow/models/dagbag.py", line 351, in parse
    loader.exec_module(new_module)
  File "<frozen importlib._bootstrap_external>", line 936, in exec_module
  File "<frozen importlib._bootstrap_external>", line 1074, in get_code
  File "<frozen importlib._bootstrap_external>", line 1004, in source_to_code
  File "<frozen importlib._bootstrap>", line 241, in _call_with_frames_removed
  File "/opt/airflow/dags/fill_data.py", line 35
    del equipos_actuales(random_equipo)
        ^^^^^^^^^^^^^^^^^^^^^^^^^^^^^^^
SyntaxError: cannot delete function call
[2024-06-13T21:21:31.518+0000] {processor.py:842} WARNING - No viable dags retrieved from /opt/airflow/dags/fill_data.py
[2024-06-13T21:21:31.532+0000] {processor.py:183} INFO - Processing /opt/airflow/dags/fill_data.py took 0.033 seconds
[2024-06-13T21:22:01.948+0000] {processor.py:161} INFO - Started process (PID=634) to work on /opt/airflow/dags/fill_data.py
[2024-06-13T21:22:01.949+0000] {processor.py:830} INFO - Processing file /opt/airflow/dags/fill_data.py for tasks to queue
[2024-06-13T21:22:01.951+0000] {logging_mixin.py:188} INFO - [2024-06-13T21:22:01.950+0000] {dagbag.py:545} INFO - Filling up the DagBag from /opt/airflow/dags/fill_data.py
[2024-06-13T21:22:01.955+0000] {logging_mixin.py:188} INFO - [2024-06-13T21:22:01.954+0000] {dagbag.py:355} ERROR - Failed to import: /opt/airflow/dags/fill_data.py
Traceback (most recent call last):
  File "/usr/local/lib/python3.11/site-packages/airflow/models/dagbag.py", line 351, in parse
    loader.exec_module(new_module)
  File "<frozen importlib._bootstrap_external>", line 936, in exec_module
  File "<frozen importlib._bootstrap_external>", line 1074, in get_code
  File "<frozen importlib._bootstrap_external>", line 1004, in source_to_code
  File "<frozen importlib._bootstrap>", line 241, in _call_with_frames_removed
  File "/opt/airflow/dags/fill_data.py", line 35
    del equipos_actuales(random_equipo)
        ^^^^^^^^^^^^^^^^^^^^^^^^^^^^^^^
SyntaxError: cannot delete function call
[2024-06-13T21:22:01.956+0000] {processor.py:842} WARNING - No viable dags retrieved from /opt/airflow/dags/fill_data.py
[2024-06-13T21:22:01.967+0000] {processor.py:183} INFO - Processing /opt/airflow/dags/fill_data.py took 0.024 seconds
[2024-06-13T21:22:32.586+0000] {processor.py:161} INFO - Started process (PID=641) to work on /opt/airflow/dags/fill_data.py
[2024-06-13T21:22:32.587+0000] {processor.py:830} INFO - Processing file /opt/airflow/dags/fill_data.py for tasks to queue
[2024-06-13T21:22:32.589+0000] {logging_mixin.py:188} INFO - [2024-06-13T21:22:32.589+0000] {dagbag.py:545} INFO - Filling up the DagBag from /opt/airflow/dags/fill_data.py
[2024-06-13T21:22:32.595+0000] {logging_mixin.py:188} INFO - [2024-06-13T21:22:32.594+0000] {dagbag.py:355} ERROR - Failed to import: /opt/airflow/dags/fill_data.py
Traceback (most recent call last):
  File "/usr/local/lib/python3.11/site-packages/airflow/models/dagbag.py", line 351, in parse
    loader.exec_module(new_module)
  File "<frozen importlib._bootstrap_external>", line 936, in exec_module
  File "<frozen importlib._bootstrap_external>", line 1074, in get_code
  File "<frozen importlib._bootstrap_external>", line 1004, in source_to_code
  File "<frozen importlib._bootstrap>", line 241, in _call_with_frames_removed
  File "/opt/airflow/dags/fill_data.py", line 35
    del equipos_actuales(random_equipo)
        ^^^^^^^^^^^^^^^^^^^^^^^^^^^^^^^
SyntaxError: cannot delete function call
[2024-06-13T21:22:32.596+0000] {processor.py:842} WARNING - No viable dags retrieved from /opt/airflow/dags/fill_data.py
[2024-06-13T21:22:32.610+0000] {processor.py:183} INFO - Processing /opt/airflow/dags/fill_data.py took 0.032 seconds
[2024-06-13T21:23:05.451+0000] {processor.py:161} INFO - Started process (PID=648) to work on /opt/airflow/dags/fill_data.py
[2024-06-13T21:23:05.452+0000] {processor.py:830} INFO - Processing file /opt/airflow/dags/fill_data.py for tasks to queue
[2024-06-13T21:23:05.454+0000] {logging_mixin.py:188} INFO - [2024-06-13T21:23:05.454+0000] {dagbag.py:545} INFO - Filling up the DagBag from /opt/airflow/dags/fill_data.py
[2024-06-13T21:23:05.460+0000] {logging_mixin.py:188} INFO - [2024-06-13T21:23:05.459+0000] {dagbag.py:355} ERROR - Failed to import: /opt/airflow/dags/fill_data.py
Traceback (most recent call last):
  File "/usr/local/lib/python3.11/site-packages/airflow/models/dagbag.py", line 351, in parse
    loader.exec_module(new_module)
  File "<frozen importlib._bootstrap_external>", line 936, in exec_module
  File "<frozen importlib._bootstrap_external>", line 1074, in get_code
  File "<frozen importlib._bootstrap_external>", line 1004, in source_to_code
  File "<frozen importlib._bootstrap>", line 241, in _call_with_frames_removed
  File "/opt/airflow/dags/fill_data.py", line 35
    del equipos_actuales(random_equipo)
        ^^^^^^^^^^^^^^^^^^^^^^^^^^^^^^^
SyntaxError: cannot delete function call
[2024-06-13T21:23:05.460+0000] {processor.py:842} WARNING - No viable dags retrieved from /opt/airflow/dags/fill_data.py
[2024-06-13T21:23:05.472+0000] {processor.py:183} INFO - Processing /opt/airflow/dags/fill_data.py took 0.028 seconds
