[2024-06-25T00:16:30.865+0000] {processor.py:161} INFO - Started process (PID=929) to work on /opt/airflow/dags/fill_data.py
[2024-06-25T00:16:30.866+0000] {processor.py:830} INFO - Processing file /opt/airflow/dags/fill_data.py for tasks to queue
[2024-06-25T00:16:30.867+0000] {logging_mixin.py:188} INFO - [2024-06-25T00:16:30.867+0000] {dagbag.py:545} INFO - Filling up the DagBag from /opt/airflow/dags/fill_data.py
[2024-06-25T00:16:31.021+0000] {processor.py:840} INFO - DAG(s) 'fill_data' retrieved from /opt/airflow/dags/fill_data.py
[2024-06-25T00:16:31.028+0000] {logging_mixin.py:188} INFO - [2024-06-25T00:16:31.028+0000] {dag.py:3096} INFO - Sync 1 DAGs
[2024-06-25T00:16:31.034+0000] {logging_mixin.py:188} INFO - [2024-06-25T00:16:31.034+0000] {dag.py:3954} INFO - Setting next_dagrun for fill_data to 2024-06-25 00:00:00+00:00, run_after=2024-06-26 00:00:00+00:00
[2024-06-25T00:16:31.041+0000] {processor.py:183} INFO - Processing /opt/airflow/dags/fill_data.py took 0.182 seconds
[2024-06-25T00:56:04.638+0000] {processor.py:161} INFO - Started process (PID=941) to work on /opt/airflow/dags/fill_data.py
[2024-06-25T00:56:04.639+0000] {processor.py:830} INFO - Processing file /opt/airflow/dags/fill_data.py for tasks to queue
[2024-06-25T00:56:04.640+0000] {logging_mixin.py:188} INFO - [2024-06-25T00:56:04.640+0000] {dagbag.py:545} INFO - Filling up the DagBag from /opt/airflow/dags/fill_data.py
[2024-06-25T00:56:04.792+0000] {processor.py:840} INFO - DAG(s) 'fill_data' retrieved from /opt/airflow/dags/fill_data.py
[2024-06-25T00:56:04.799+0000] {logging_mixin.py:188} INFO - [2024-06-25T00:56:04.799+0000] {dag.py:3096} INFO - Sync 1 DAGs
[2024-06-25T00:56:04.806+0000] {logging_mixin.py:188} INFO - [2024-06-25T00:56:04.806+0000] {dag.py:3954} INFO - Setting next_dagrun for fill_data to 2024-06-25 00:00:00+00:00, run_after=2024-06-26 00:00:00+00:00
[2024-06-25T00:56:04.863+0000] {processor.py:183} INFO - Processing /opt/airflow/dags/fill_data.py took 0.232 seconds
[2024-06-25T01:33:48.710+0000] {processor.py:161} INFO - Started process (PID=953) to work on /opt/airflow/dags/fill_data.py
[2024-06-25T01:33:48.711+0000] {processor.py:830} INFO - Processing file /opt/airflow/dags/fill_data.py for tasks to queue
[2024-06-25T01:33:48.712+0000] {logging_mixin.py:188} INFO - [2024-06-25T01:33:48.712+0000] {dagbag.py:545} INFO - Filling up the DagBag from /opt/airflow/dags/fill_data.py
[2024-06-25T01:33:48.901+0000] {processor.py:840} INFO - DAG(s) 'fill_data' retrieved from /opt/airflow/dags/fill_data.py
[2024-06-25T01:33:48.909+0000] {logging_mixin.py:188} INFO - [2024-06-25T01:33:48.909+0000] {dag.py:3096} INFO - Sync 1 DAGs
[2024-06-25T01:33:48.962+0000] {logging_mixin.py:188} INFO - [2024-06-25T01:33:48.962+0000] {dag.py:3954} INFO - Setting next_dagrun for fill_data to 2024-06-25 00:00:00+00:00, run_after=2024-06-26 00:00:00+00:00
[2024-06-25T01:33:48.970+0000] {processor.py:183} INFO - Processing /opt/airflow/dags/fill_data.py took 0.266 seconds
[2024-06-25T01:34:04.018+0000] {processor.py:161} INFO - Started process (PID=965) to work on /opt/airflow/dags/fill_data.py
[2024-06-25T01:34:04.019+0000] {processor.py:830} INFO - Processing file /opt/airflow/dags/fill_data.py for tasks to queue
[2024-06-25T01:34:04.021+0000] {logging_mixin.py:188} INFO - [2024-06-25T01:34:04.021+0000] {dagbag.py:545} INFO - Filling up the DagBag from /opt/airflow/dags/fill_data.py
[2024-06-25T01:34:04.247+0000] {processor.py:840} INFO - DAG(s) 'fill_data' retrieved from /opt/airflow/dags/fill_data.py
[2024-06-25T01:34:04.258+0000] {logging_mixin.py:188} INFO - [2024-06-25T01:34:04.258+0000] {dag.py:3096} INFO - Sync 1 DAGs
[2024-06-25T01:34:04.267+0000] {logging_mixin.py:188} INFO - [2024-06-25T01:34:04.267+0000] {dag.py:3954} INFO - Setting next_dagrun for fill_data to 2024-06-25 00:00:00+00:00, run_after=2024-06-26 00:00:00+00:00
[2024-06-25T01:34:04.277+0000] {processor.py:183} INFO - Processing /opt/airflow/dags/fill_data.py took 0.267 seconds
[2024-06-25T16:10:22.318+0000] {processor.py:161} INFO - Started process (PID=17) to work on /opt/airflow/dags/fill_data.py
[2024-06-25T16:10:22.319+0000] {processor.py:830} INFO - Processing file /opt/airflow/dags/fill_data.py for tasks to queue
[2024-06-25T16:10:22.320+0000] {logging_mixin.py:188} INFO - [2024-06-25T16:10:22.320+0000] {dagbag.py:545} INFO - Filling up the DagBag from /opt/airflow/dags/fill_data.py
[2024-06-25T16:10:22.607+0000] {processor.py:840} INFO - DAG(s) 'fill_data' retrieved from /opt/airflow/dags/fill_data.py
[2024-06-25T16:10:22.613+0000] {logging_mixin.py:188} INFO - [2024-06-25T16:10:22.613+0000] {dag.py:3096} INFO - Sync 1 DAGs
[2024-06-25T16:10:22.620+0000] {logging_mixin.py:188} INFO - [2024-06-25T16:10:22.620+0000] {dag.py:3954} INFO - Setting next_dagrun for fill_data to 2024-06-25 00:00:00+00:00, run_after=2024-06-26 00:00:00+00:00
[2024-06-25T16:10:22.628+0000] {processor.py:183} INFO - Processing /opt/airflow/dags/fill_data.py took 0.313 seconds
[2024-06-25T16:10:53.426+0000] {processor.py:161} INFO - Started process (PID=32) to work on /opt/airflow/dags/fill_data.py
[2024-06-25T16:10:53.428+0000] {processor.py:830} INFO - Processing file /opt/airflow/dags/fill_data.py for tasks to queue
[2024-06-25T16:10:53.430+0000] {logging_mixin.py:188} INFO - [2024-06-25T16:10:53.430+0000] {dagbag.py:545} INFO - Filling up the DagBag from /opt/airflow/dags/fill_data.py
[2024-06-25T16:10:53.652+0000] {processor.py:840} INFO - DAG(s) 'fill_data' retrieved from /opt/airflow/dags/fill_data.py
[2024-06-25T16:10:53.659+0000] {logging_mixin.py:188} INFO - [2024-06-25T16:10:53.659+0000] {dag.py:3096} INFO - Sync 1 DAGs
[2024-06-25T16:10:53.665+0000] {logging_mixin.py:188} INFO - [2024-06-25T16:10:53.665+0000] {dag.py:3954} INFO - Setting next_dagrun for fill_data to 2024-06-25 00:00:00+00:00, run_after=2024-06-26 00:00:00+00:00
[2024-06-25T16:10:53.673+0000] {processor.py:183} INFO - Processing /opt/airflow/dags/fill_data.py took 0.252 seconds
[2024-06-25T16:11:24.761+0000] {processor.py:161} INFO - Started process (PID=44) to work on /opt/airflow/dags/fill_data.py
[2024-06-25T16:11:24.762+0000] {processor.py:830} INFO - Processing file /opt/airflow/dags/fill_data.py for tasks to queue
[2024-06-25T16:11:24.764+0000] {logging_mixin.py:188} INFO - [2024-06-25T16:11:24.764+0000] {dagbag.py:545} INFO - Filling up the DagBag from /opt/airflow/dags/fill_data.py
[2024-06-25T16:11:24.977+0000] {processor.py:840} INFO - DAG(s) 'fill_data' retrieved from /opt/airflow/dags/fill_data.py
[2024-06-25T16:11:24.983+0000] {logging_mixin.py:188} INFO - [2024-06-25T16:11:24.983+0000] {dag.py:3096} INFO - Sync 1 DAGs
[2024-06-25T16:11:24.988+0000] {logging_mixin.py:188} INFO - [2024-06-25T16:11:24.988+0000] {dag.py:3954} INFO - Setting next_dagrun for fill_data to 2024-06-25 00:00:00+00:00, run_after=2024-06-26 00:00:00+00:00
[2024-06-25T16:11:24.997+0000] {processor.py:183} INFO - Processing /opt/airflow/dags/fill_data.py took 0.242 seconds
[2024-06-25T16:11:56.080+0000] {processor.py:161} INFO - Started process (PID=56) to work on /opt/airflow/dags/fill_data.py
[2024-06-25T16:11:56.082+0000] {processor.py:830} INFO - Processing file /opt/airflow/dags/fill_data.py for tasks to queue
[2024-06-25T16:11:56.085+0000] {logging_mixin.py:188} INFO - [2024-06-25T16:11:56.084+0000] {dagbag.py:545} INFO - Filling up the DagBag from /opt/airflow/dags/fill_data.py
[2024-06-25T16:11:56.293+0000] {processor.py:840} INFO - DAG(s) 'fill_data' retrieved from /opt/airflow/dags/fill_data.py
[2024-06-25T16:11:56.298+0000] {logging_mixin.py:188} INFO - [2024-06-25T16:11:56.298+0000] {dag.py:3096} INFO - Sync 1 DAGs
[2024-06-25T16:11:56.303+0000] {logging_mixin.py:188} INFO - [2024-06-25T16:11:56.303+0000] {dag.py:3954} INFO - Setting next_dagrun for fill_data to 2024-06-25 00:00:00+00:00, run_after=2024-06-26 00:00:00+00:00
[2024-06-25T16:11:56.312+0000] {processor.py:183} INFO - Processing /opt/airflow/dags/fill_data.py took 0.237 seconds
[2024-06-25T16:12:26.419+0000] {processor.py:161} INFO - Started process (PID=68) to work on /opt/airflow/dags/fill_data.py
[2024-06-25T16:12:26.420+0000] {processor.py:830} INFO - Processing file /opt/airflow/dags/fill_data.py for tasks to queue
[2024-06-25T16:12:26.422+0000] {logging_mixin.py:188} INFO - [2024-06-25T16:12:26.421+0000] {dagbag.py:545} INFO - Filling up the DagBag from /opt/airflow/dags/fill_data.py
[2024-06-25T16:12:26.630+0000] {processor.py:840} INFO - DAG(s) 'fill_data' retrieved from /opt/airflow/dags/fill_data.py
[2024-06-25T16:12:26.635+0000] {logging_mixin.py:188} INFO - [2024-06-25T16:12:26.635+0000] {dag.py:3096} INFO - Sync 1 DAGs
[2024-06-25T16:12:26.641+0000] {logging_mixin.py:188} INFO - [2024-06-25T16:12:26.641+0000] {dag.py:3954} INFO - Setting next_dagrun for fill_data to 2024-06-25 00:00:00+00:00, run_after=2024-06-26 00:00:00+00:00
[2024-06-25T16:12:26.648+0000] {processor.py:183} INFO - Processing /opt/airflow/dags/fill_data.py took 0.236 seconds
[2024-06-25T16:12:56.749+0000] {processor.py:161} INFO - Started process (PID=80) to work on /opt/airflow/dags/fill_data.py
[2024-06-25T16:12:56.750+0000] {processor.py:830} INFO - Processing file /opt/airflow/dags/fill_data.py for tasks to queue
[2024-06-25T16:12:56.752+0000] {logging_mixin.py:188} INFO - [2024-06-25T16:12:56.752+0000] {dagbag.py:545} INFO - Filling up the DagBag from /opt/airflow/dags/fill_data.py
[2024-06-25T16:12:56.961+0000] {processor.py:840} INFO - DAG(s) 'fill_data' retrieved from /opt/airflow/dags/fill_data.py
[2024-06-25T16:12:56.967+0000] {logging_mixin.py:188} INFO - [2024-06-25T16:12:56.967+0000] {dag.py:3096} INFO - Sync 1 DAGs
[2024-06-25T16:12:56.972+0000] {logging_mixin.py:188} INFO - [2024-06-25T16:12:56.972+0000] {dag.py:3954} INFO - Setting next_dagrun for fill_data to 2024-06-25 00:00:00+00:00, run_after=2024-06-26 00:00:00+00:00
[2024-06-25T16:12:56.979+0000] {processor.py:183} INFO - Processing /opt/airflow/dags/fill_data.py took 0.237 seconds
[2024-06-25T16:13:27.983+0000] {processor.py:161} INFO - Started process (PID=92) to work on /opt/airflow/dags/fill_data.py
[2024-06-25T16:13:27.983+0000] {processor.py:830} INFO - Processing file /opt/airflow/dags/fill_data.py for tasks to queue
[2024-06-25T16:13:27.984+0000] {logging_mixin.py:188} INFO - [2024-06-25T16:13:27.984+0000] {dagbag.py:545} INFO - Filling up the DagBag from /opt/airflow/dags/fill_data.py
[2024-06-25T16:13:28.127+0000] {processor.py:840} INFO - DAG(s) 'fill_data' retrieved from /opt/airflow/dags/fill_data.py
[2024-06-25T16:13:28.134+0000] {logging_mixin.py:188} INFO - [2024-06-25T16:13:28.134+0000] {dag.py:3096} INFO - Sync 1 DAGs
[2024-06-25T16:13:28.140+0000] {logging_mixin.py:188} INFO - [2024-06-25T16:13:28.140+0000] {dag.py:3954} INFO - Setting next_dagrun for fill_data to 2024-06-25 00:00:00+00:00, run_after=2024-06-26 00:00:00+00:00
[2024-06-25T16:13:28.147+0000] {processor.py:183} INFO - Processing /opt/airflow/dags/fill_data.py took 0.167 seconds
[2024-06-25T16:13:58.502+0000] {processor.py:161} INFO - Started process (PID=104) to work on /opt/airflow/dags/fill_data.py
[2024-06-25T16:13:58.503+0000] {processor.py:830} INFO - Processing file /opt/airflow/dags/fill_data.py for tasks to queue
[2024-06-25T16:13:58.505+0000] {logging_mixin.py:188} INFO - [2024-06-25T16:13:58.505+0000] {dagbag.py:545} INFO - Filling up the DagBag from /opt/airflow/dags/fill_data.py
[2024-06-25T16:13:58.664+0000] {processor.py:840} INFO - DAG(s) 'fill_data' retrieved from /opt/airflow/dags/fill_data.py
[2024-06-25T16:13:58.670+0000] {logging_mixin.py:188} INFO - [2024-06-25T16:13:58.670+0000] {dag.py:3096} INFO - Sync 1 DAGs
[2024-06-25T16:13:58.677+0000] {logging_mixin.py:188} INFO - [2024-06-25T16:13:58.677+0000] {dag.py:3954} INFO - Setting next_dagrun for fill_data to 2024-06-25 00:00:00+00:00, run_after=2024-06-26 00:00:00+00:00
[2024-06-25T16:13:58.684+0000] {processor.py:183} INFO - Processing /opt/airflow/dags/fill_data.py took 0.188 seconds
[2024-06-25T16:14:28.937+0000] {processor.py:161} INFO - Started process (PID=116) to work on /opt/airflow/dags/fill_data.py
[2024-06-25T16:14:28.939+0000] {processor.py:830} INFO - Processing file /opt/airflow/dags/fill_data.py for tasks to queue
[2024-06-25T16:14:28.940+0000] {logging_mixin.py:188} INFO - [2024-06-25T16:14:28.940+0000] {dagbag.py:545} INFO - Filling up the DagBag from /opt/airflow/dags/fill_data.py
[2024-06-25T16:14:29.146+0000] {processor.py:840} INFO - DAG(s) 'fill_data' retrieved from /opt/airflow/dags/fill_data.py
[2024-06-25T16:14:29.154+0000] {logging_mixin.py:188} INFO - [2024-06-25T16:14:29.154+0000] {dag.py:3096} INFO - Sync 1 DAGs
[2024-06-25T16:14:29.161+0000] {logging_mixin.py:188} INFO - [2024-06-25T16:14:29.161+0000] {dag.py:3954} INFO - Setting next_dagrun for fill_data to 2024-06-25 00:00:00+00:00, run_after=2024-06-26 00:00:00+00:00
[2024-06-25T16:14:29.170+0000] {processor.py:183} INFO - Processing /opt/airflow/dags/fill_data.py took 0.239 seconds
[2024-06-25T16:14:59.555+0000] {processor.py:161} INFO - Started process (PID=128) to work on /opt/airflow/dags/fill_data.py
[2024-06-25T16:14:59.557+0000] {processor.py:830} INFO - Processing file /opt/airflow/dags/fill_data.py for tasks to queue
[2024-06-25T16:14:59.558+0000] {logging_mixin.py:188} INFO - [2024-06-25T16:14:59.558+0000] {dagbag.py:545} INFO - Filling up the DagBag from /opt/airflow/dags/fill_data.py
[2024-06-25T16:14:59.714+0000] {processor.py:840} INFO - DAG(s) 'fill_data' retrieved from /opt/airflow/dags/fill_data.py
[2024-06-25T16:14:59.721+0000] {logging_mixin.py:188} INFO - [2024-06-25T16:14:59.721+0000] {dag.py:3096} INFO - Sync 1 DAGs
[2024-06-25T16:14:59.727+0000] {logging_mixin.py:188} INFO - [2024-06-25T16:14:59.727+0000] {dag.py:3954} INFO - Setting next_dagrun for fill_data to 2024-06-25 00:00:00+00:00, run_after=2024-06-26 00:00:00+00:00
[2024-06-25T16:14:59.735+0000] {processor.py:183} INFO - Processing /opt/airflow/dags/fill_data.py took 0.190 seconds
[2024-06-25T16:15:30.072+0000] {processor.py:161} INFO - Started process (PID=140) to work on /opt/airflow/dags/fill_data.py
[2024-06-25T16:15:30.073+0000] {processor.py:830} INFO - Processing file /opt/airflow/dags/fill_data.py for tasks to queue
[2024-06-25T16:15:30.076+0000] {logging_mixin.py:188} INFO - [2024-06-25T16:15:30.076+0000] {dagbag.py:545} INFO - Filling up the DagBag from /opt/airflow/dags/fill_data.py
[2024-06-25T16:15:30.253+0000] {processor.py:840} INFO - DAG(s) 'fill_data' retrieved from /opt/airflow/dags/fill_data.py
[2024-06-25T16:15:30.260+0000] {logging_mixin.py:188} INFO - [2024-06-25T16:15:30.259+0000] {dag.py:3096} INFO - Sync 1 DAGs
[2024-06-25T16:15:30.265+0000] {logging_mixin.py:188} INFO - [2024-06-25T16:15:30.265+0000] {dag.py:3954} INFO - Setting next_dagrun for fill_data to 2024-06-25 00:00:00+00:00, run_after=2024-06-26 00:00:00+00:00
[2024-06-25T16:15:30.273+0000] {processor.py:183} INFO - Processing /opt/airflow/dags/fill_data.py took 0.207 seconds
[2024-06-25T16:16:00.657+0000] {processor.py:161} INFO - Started process (PID=152) to work on /opt/airflow/dags/fill_data.py
[2024-06-25T16:16:00.658+0000] {processor.py:830} INFO - Processing file /opt/airflow/dags/fill_data.py for tasks to queue
[2024-06-25T16:16:00.660+0000] {logging_mixin.py:188} INFO - [2024-06-25T16:16:00.660+0000] {dagbag.py:545} INFO - Filling up the DagBag from /opt/airflow/dags/fill_data.py
[2024-06-25T16:16:00.815+0000] {processor.py:840} INFO - DAG(s) 'fill_data' retrieved from /opt/airflow/dags/fill_data.py
[2024-06-25T16:16:00.821+0000] {logging_mixin.py:188} INFO - [2024-06-25T16:16:00.821+0000] {dag.py:3096} INFO - Sync 1 DAGs
[2024-06-25T16:16:00.827+0000] {logging_mixin.py:188} INFO - [2024-06-25T16:16:00.827+0000] {dag.py:3954} INFO - Setting next_dagrun for fill_data to 2024-06-25 00:00:00+00:00, run_after=2024-06-26 00:00:00+00:00
[2024-06-25T16:16:00.835+0000] {processor.py:183} INFO - Processing /opt/airflow/dags/fill_data.py took 0.185 seconds
[2024-06-25T16:16:31.104+0000] {processor.py:161} INFO - Started process (PID=164) to work on /opt/airflow/dags/fill_data.py
[2024-06-25T16:16:31.105+0000] {processor.py:830} INFO - Processing file /opt/airflow/dags/fill_data.py for tasks to queue
[2024-06-25T16:16:31.107+0000] {logging_mixin.py:188} INFO - [2024-06-25T16:16:31.107+0000] {dagbag.py:545} INFO - Filling up the DagBag from /opt/airflow/dags/fill_data.py
[2024-06-25T16:16:31.272+0000] {processor.py:840} INFO - DAG(s) 'fill_data' retrieved from /opt/airflow/dags/fill_data.py
[2024-06-25T16:16:31.278+0000] {logging_mixin.py:188} INFO - [2024-06-25T16:16:31.278+0000] {dag.py:3096} INFO - Sync 1 DAGs
[2024-06-25T16:16:31.284+0000] {logging_mixin.py:188} INFO - [2024-06-25T16:16:31.284+0000] {dag.py:3954} INFO - Setting next_dagrun for fill_data to 2024-06-25 00:00:00+00:00, run_after=2024-06-26 00:00:00+00:00
[2024-06-25T16:16:31.292+0000] {processor.py:183} INFO - Processing /opt/airflow/dags/fill_data.py took 0.196 seconds
[2024-06-25T16:17:01.611+0000] {processor.py:161} INFO - Started process (PID=176) to work on /opt/airflow/dags/fill_data.py
[2024-06-25T16:17:01.612+0000] {processor.py:830} INFO - Processing file /opt/airflow/dags/fill_data.py for tasks to queue
[2024-06-25T16:17:01.614+0000] {logging_mixin.py:188} INFO - [2024-06-25T16:17:01.613+0000] {dagbag.py:545} INFO - Filling up the DagBag from /opt/airflow/dags/fill_data.py
[2024-06-25T16:17:01.792+0000] {processor.py:840} INFO - DAG(s) 'fill_data' retrieved from /opt/airflow/dags/fill_data.py
[2024-06-25T16:17:01.799+0000] {logging_mixin.py:188} INFO - [2024-06-25T16:17:01.799+0000] {dag.py:3096} INFO - Sync 1 DAGs
[2024-06-25T16:17:01.805+0000] {logging_mixin.py:188} INFO - [2024-06-25T16:17:01.805+0000] {dag.py:3954} INFO - Setting next_dagrun for fill_data to 2024-06-25 00:00:00+00:00, run_after=2024-06-26 00:00:00+00:00
[2024-06-25T16:17:01.812+0000] {processor.py:183} INFO - Processing /opt/airflow/dags/fill_data.py took 0.207 seconds
[2024-06-25T16:17:32.227+0000] {processor.py:161} INFO - Started process (PID=188) to work on /opt/airflow/dags/fill_data.py
[2024-06-25T16:17:32.228+0000] {processor.py:830} INFO - Processing file /opt/airflow/dags/fill_data.py for tasks to queue
[2024-06-25T16:17:32.230+0000] {logging_mixin.py:188} INFO - [2024-06-25T16:17:32.230+0000] {dagbag.py:545} INFO - Filling up the DagBag from /opt/airflow/dags/fill_data.py
[2024-06-25T16:17:32.407+0000] {processor.py:840} INFO - DAG(s) 'fill_data' retrieved from /opt/airflow/dags/fill_data.py
[2024-06-25T16:17:32.413+0000] {logging_mixin.py:188} INFO - [2024-06-25T16:17:32.413+0000] {dag.py:3096} INFO - Sync 1 DAGs
[2024-06-25T16:17:32.420+0000] {logging_mixin.py:188} INFO - [2024-06-25T16:17:32.420+0000] {dag.py:3954} INFO - Setting next_dagrun for fill_data to 2024-06-25 00:00:00+00:00, run_after=2024-06-26 00:00:00+00:00
[2024-06-25T16:17:32.426+0000] {processor.py:183} INFO - Processing /opt/airflow/dags/fill_data.py took 0.207 seconds
[2024-06-25T16:18:02.790+0000] {processor.py:161} INFO - Started process (PID=200) to work on /opt/airflow/dags/fill_data.py
[2024-06-25T16:18:02.790+0000] {processor.py:830} INFO - Processing file /opt/airflow/dags/fill_data.py for tasks to queue
[2024-06-25T16:18:02.791+0000] {logging_mixin.py:188} INFO - [2024-06-25T16:18:02.791+0000] {dagbag.py:545} INFO - Filling up the DagBag from /opt/airflow/dags/fill_data.py
[2024-06-25T16:18:02.942+0000] {processor.py:840} INFO - DAG(s) 'fill_data' retrieved from /opt/airflow/dags/fill_data.py
[2024-06-25T16:18:02.949+0000] {logging_mixin.py:188} INFO - [2024-06-25T16:18:02.948+0000] {dag.py:3096} INFO - Sync 1 DAGs
[2024-06-25T16:18:02.955+0000] {logging_mixin.py:188} INFO - [2024-06-25T16:18:02.955+0000] {dag.py:3954} INFO - Setting next_dagrun for fill_data to 2024-06-25 00:00:00+00:00, run_after=2024-06-26 00:00:00+00:00
[2024-06-25T16:18:02.963+0000] {processor.py:183} INFO - Processing /opt/airflow/dags/fill_data.py took 0.177 seconds
[2024-06-25T16:18:33.300+0000] {processor.py:161} INFO - Started process (PID=212) to work on /opt/airflow/dags/fill_data.py
[2024-06-25T16:18:33.302+0000] {processor.py:830} INFO - Processing file /opt/airflow/dags/fill_data.py for tasks to queue
[2024-06-25T16:18:33.304+0000] {logging_mixin.py:188} INFO - [2024-06-25T16:18:33.303+0000] {dagbag.py:545} INFO - Filling up the DagBag from /opt/airflow/dags/fill_data.py
[2024-06-25T16:18:33.461+0000] {processor.py:840} INFO - DAG(s) 'fill_data' retrieved from /opt/airflow/dags/fill_data.py
[2024-06-25T16:18:33.468+0000] {logging_mixin.py:188} INFO - [2024-06-25T16:18:33.467+0000] {dag.py:3096} INFO - Sync 1 DAGs
[2024-06-25T16:18:33.474+0000] {logging_mixin.py:188} INFO - [2024-06-25T16:18:33.474+0000] {dag.py:3954} INFO - Setting next_dagrun for fill_data to 2024-06-25 00:00:00+00:00, run_after=2024-06-26 00:00:00+00:00
[2024-06-25T16:18:33.482+0000] {processor.py:183} INFO - Processing /opt/airflow/dags/fill_data.py took 0.189 seconds
[2024-06-25T16:19:03.808+0000] {processor.py:161} INFO - Started process (PID=224) to work on /opt/airflow/dags/fill_data.py
[2024-06-25T16:19:03.810+0000] {processor.py:830} INFO - Processing file /opt/airflow/dags/fill_data.py for tasks to queue
[2024-06-25T16:19:03.812+0000] {logging_mixin.py:188} INFO - [2024-06-25T16:19:03.812+0000] {dagbag.py:545} INFO - Filling up the DagBag from /opt/airflow/dags/fill_data.py
[2024-06-25T16:19:03.993+0000] {processor.py:840} INFO - DAG(s) 'fill_data' retrieved from /opt/airflow/dags/fill_data.py
[2024-06-25T16:19:04.000+0000] {logging_mixin.py:188} INFO - [2024-06-25T16:19:04.000+0000] {dag.py:3096} INFO - Sync 1 DAGs
[2024-06-25T16:19:04.006+0000] {logging_mixin.py:188} INFO - [2024-06-25T16:19:04.006+0000] {dag.py:3954} INFO - Setting next_dagrun for fill_data to 2024-06-25 00:00:00+00:00, run_after=2024-06-26 00:00:00+00:00
[2024-06-25T16:19:04.014+0000] {processor.py:183} INFO - Processing /opt/airflow/dags/fill_data.py took 0.213 seconds
[2024-06-25T16:19:34.371+0000] {processor.py:161} INFO - Started process (PID=236) to work on /opt/airflow/dags/fill_data.py
[2024-06-25T16:19:34.373+0000] {processor.py:830} INFO - Processing file /opt/airflow/dags/fill_data.py for tasks to queue
[2024-06-25T16:19:34.376+0000] {logging_mixin.py:188} INFO - [2024-06-25T16:19:34.375+0000] {dagbag.py:545} INFO - Filling up the DagBag from /opt/airflow/dags/fill_data.py
[2024-06-25T16:19:34.579+0000] {processor.py:840} INFO - DAG(s) 'fill_data' retrieved from /opt/airflow/dags/fill_data.py
[2024-06-25T16:19:34.588+0000] {logging_mixin.py:188} INFO - [2024-06-25T16:19:34.588+0000] {dag.py:3096} INFO - Sync 1 DAGs
[2024-06-25T16:19:34.596+0000] {logging_mixin.py:188} INFO - [2024-06-25T16:19:34.595+0000] {dag.py:3954} INFO - Setting next_dagrun for fill_data to 2024-06-25 00:00:00+00:00, run_after=2024-06-26 00:00:00+00:00
[2024-06-25T16:19:34.604+0000] {processor.py:183} INFO - Processing /opt/airflow/dags/fill_data.py took 0.242 seconds
[2024-06-25T16:20:04.915+0000] {processor.py:161} INFO - Started process (PID=248) to work on /opt/airflow/dags/fill_data.py
[2024-06-25T16:20:04.917+0000] {processor.py:830} INFO - Processing file /opt/airflow/dags/fill_data.py for tasks to queue
[2024-06-25T16:20:04.919+0000] {logging_mixin.py:188} INFO - [2024-06-25T16:20:04.918+0000] {dagbag.py:545} INFO - Filling up the DagBag from /opt/airflow/dags/fill_data.py
[2024-06-25T16:20:05.097+0000] {processor.py:840} INFO - DAG(s) 'fill_data' retrieved from /opt/airflow/dags/fill_data.py
[2024-06-25T16:20:05.104+0000] {logging_mixin.py:188} INFO - [2024-06-25T16:20:05.104+0000] {dag.py:3096} INFO - Sync 1 DAGs
[2024-06-25T16:20:05.112+0000] {logging_mixin.py:188} INFO - [2024-06-25T16:20:05.112+0000] {dag.py:3954} INFO - Setting next_dagrun for fill_data to 2024-06-25 00:00:00+00:00, run_after=2024-06-26 00:00:00+00:00
[2024-06-25T16:20:05.121+0000] {processor.py:183} INFO - Processing /opt/airflow/dags/fill_data.py took 0.212 seconds
[2024-06-25T16:20:35.459+0000] {processor.py:161} INFO - Started process (PID=260) to work on /opt/airflow/dags/fill_data.py
[2024-06-25T16:20:35.460+0000] {processor.py:830} INFO - Processing file /opt/airflow/dags/fill_data.py for tasks to queue
[2024-06-25T16:20:35.463+0000] {logging_mixin.py:188} INFO - [2024-06-25T16:20:35.462+0000] {dagbag.py:545} INFO - Filling up the DagBag from /opt/airflow/dags/fill_data.py
[2024-06-25T16:20:35.625+0000] {processor.py:840} INFO - DAG(s) 'fill_data' retrieved from /opt/airflow/dags/fill_data.py
[2024-06-25T16:20:35.631+0000] {logging_mixin.py:188} INFO - [2024-06-25T16:20:35.631+0000] {dag.py:3096} INFO - Sync 1 DAGs
[2024-06-25T16:20:35.637+0000] {logging_mixin.py:188} INFO - [2024-06-25T16:20:35.637+0000] {dag.py:3954} INFO - Setting next_dagrun for fill_data to 2024-06-25 00:00:00+00:00, run_after=2024-06-26 00:00:00+00:00
[2024-06-25T16:20:35.645+0000] {processor.py:183} INFO - Processing /opt/airflow/dags/fill_data.py took 0.193 seconds
[2024-06-25T16:21:05.904+0000] {processor.py:161} INFO - Started process (PID=272) to work on /opt/airflow/dags/fill_data.py
[2024-06-25T16:21:05.905+0000] {processor.py:830} INFO - Processing file /opt/airflow/dags/fill_data.py for tasks to queue
[2024-06-25T16:21:05.908+0000] {logging_mixin.py:188} INFO - [2024-06-25T16:21:05.907+0000] {dagbag.py:545} INFO - Filling up the DagBag from /opt/airflow/dags/fill_data.py
[2024-06-25T16:21:06.071+0000] {processor.py:840} INFO - DAG(s) 'fill_data' retrieved from /opt/airflow/dags/fill_data.py
[2024-06-25T16:21:06.079+0000] {logging_mixin.py:188} INFO - [2024-06-25T16:21:06.079+0000] {dag.py:3096} INFO - Sync 1 DAGs
[2024-06-25T16:21:06.087+0000] {logging_mixin.py:188} INFO - [2024-06-25T16:21:06.087+0000] {dag.py:3954} INFO - Setting next_dagrun for fill_data to 2024-06-25 00:00:00+00:00, run_after=2024-06-26 00:00:00+00:00
[2024-06-25T16:21:06.097+0000] {processor.py:183} INFO - Processing /opt/airflow/dags/fill_data.py took 0.199 seconds
[2024-06-25T16:21:36.459+0000] {processor.py:161} INFO - Started process (PID=284) to work on /opt/airflow/dags/fill_data.py
[2024-06-25T16:21:36.461+0000] {processor.py:830} INFO - Processing file /opt/airflow/dags/fill_data.py for tasks to queue
[2024-06-25T16:21:36.463+0000] {logging_mixin.py:188} INFO - [2024-06-25T16:21:36.463+0000] {dagbag.py:545} INFO - Filling up the DagBag from /opt/airflow/dags/fill_data.py
[2024-06-25T16:21:36.637+0000] {processor.py:840} INFO - DAG(s) 'fill_data' retrieved from /opt/airflow/dags/fill_data.py
[2024-06-25T16:21:36.644+0000] {logging_mixin.py:188} INFO - [2024-06-25T16:21:36.643+0000] {dag.py:3096} INFO - Sync 1 DAGs
[2024-06-25T16:21:36.649+0000] {logging_mixin.py:188} INFO - [2024-06-25T16:21:36.649+0000] {dag.py:3954} INFO - Setting next_dagrun for fill_data to 2024-06-25 00:00:00+00:00, run_after=2024-06-26 00:00:00+00:00
[2024-06-25T16:21:36.658+0000] {processor.py:183} INFO - Processing /opt/airflow/dags/fill_data.py took 0.205 seconds
[2024-06-25T16:22:07.025+0000] {processor.py:161} INFO - Started process (PID=296) to work on /opt/airflow/dags/fill_data.py
[2024-06-25T16:22:07.027+0000] {processor.py:830} INFO - Processing file /opt/airflow/dags/fill_data.py for tasks to queue
[2024-06-25T16:22:07.029+0000] {logging_mixin.py:188} INFO - [2024-06-25T16:22:07.028+0000] {dagbag.py:545} INFO - Filling up the DagBag from /opt/airflow/dags/fill_data.py
[2024-06-25T16:22:07.193+0000] {processor.py:840} INFO - DAG(s) 'fill_data' retrieved from /opt/airflow/dags/fill_data.py
[2024-06-25T16:22:07.200+0000] {logging_mixin.py:188} INFO - [2024-06-25T16:22:07.200+0000] {dag.py:3096} INFO - Sync 1 DAGs
[2024-06-25T16:22:07.206+0000] {logging_mixin.py:188} INFO - [2024-06-25T16:22:07.206+0000] {dag.py:3954} INFO - Setting next_dagrun for fill_data to 2024-06-25 00:00:00+00:00, run_after=2024-06-26 00:00:00+00:00
[2024-06-25T16:22:07.214+0000] {processor.py:183} INFO - Processing /opt/airflow/dags/fill_data.py took 0.195 seconds
[2024-06-25T16:22:37.479+0000] {processor.py:161} INFO - Started process (PID=308) to work on /opt/airflow/dags/fill_data.py
[2024-06-25T16:22:37.480+0000] {processor.py:830} INFO - Processing file /opt/airflow/dags/fill_data.py for tasks to queue
[2024-06-25T16:22:37.482+0000] {logging_mixin.py:188} INFO - [2024-06-25T16:22:37.482+0000] {dagbag.py:545} INFO - Filling up the DagBag from /opt/airflow/dags/fill_data.py
[2024-06-25T16:22:37.649+0000] {processor.py:840} INFO - DAG(s) 'fill_data' retrieved from /opt/airflow/dags/fill_data.py
[2024-06-25T16:22:37.655+0000] {logging_mixin.py:188} INFO - [2024-06-25T16:22:37.655+0000] {dag.py:3096} INFO - Sync 1 DAGs
[2024-06-25T16:22:37.662+0000] {logging_mixin.py:188} INFO - [2024-06-25T16:22:37.662+0000] {dag.py:3954} INFO - Setting next_dagrun for fill_data to 2024-06-25 00:00:00+00:00, run_after=2024-06-26 00:00:00+00:00
[2024-06-25T16:22:37.669+0000] {processor.py:183} INFO - Processing /opt/airflow/dags/fill_data.py took 0.197 seconds
[2024-06-25T16:23:07.916+0000] {processor.py:161} INFO - Started process (PID=320) to work on /opt/airflow/dags/fill_data.py
[2024-06-25T16:23:07.918+0000] {processor.py:830} INFO - Processing file /opt/airflow/dags/fill_data.py for tasks to queue
[2024-06-25T16:23:07.920+0000] {logging_mixin.py:188} INFO - [2024-06-25T16:23:07.920+0000] {dagbag.py:545} INFO - Filling up the DagBag from /opt/airflow/dags/fill_data.py
[2024-06-25T16:23:08.080+0000] {processor.py:840} INFO - DAG(s) 'fill_data' retrieved from /opt/airflow/dags/fill_data.py
[2024-06-25T16:23:08.087+0000] {logging_mixin.py:188} INFO - [2024-06-25T16:23:08.087+0000] {dag.py:3096} INFO - Sync 1 DAGs
[2024-06-25T16:23:08.093+0000] {logging_mixin.py:188} INFO - [2024-06-25T16:23:08.093+0000] {dag.py:3954} INFO - Setting next_dagrun for fill_data to 2024-06-25 00:00:00+00:00, run_after=2024-06-26 00:00:00+00:00
[2024-06-25T16:23:08.100+0000] {processor.py:183} INFO - Processing /opt/airflow/dags/fill_data.py took 0.192 seconds
[2024-06-25T16:23:38.377+0000] {processor.py:161} INFO - Started process (PID=332) to work on /opt/airflow/dags/fill_data.py
[2024-06-25T16:23:38.378+0000] {processor.py:830} INFO - Processing file /opt/airflow/dags/fill_data.py for tasks to queue
[2024-06-25T16:23:38.380+0000] {logging_mixin.py:188} INFO - [2024-06-25T16:23:38.380+0000] {dagbag.py:545} INFO - Filling up the DagBag from /opt/airflow/dags/fill_data.py
[2024-06-25T16:23:38.552+0000] {processor.py:840} INFO - DAG(s) 'fill_data' retrieved from /opt/airflow/dags/fill_data.py
[2024-06-25T16:23:38.559+0000] {logging_mixin.py:188} INFO - [2024-06-25T16:23:38.559+0000] {dag.py:3096} INFO - Sync 1 DAGs
[2024-06-25T16:23:38.565+0000] {logging_mixin.py:188} INFO - [2024-06-25T16:23:38.565+0000] {dag.py:3954} INFO - Setting next_dagrun for fill_data to 2024-06-25 00:00:00+00:00, run_after=2024-06-26 00:00:00+00:00
[2024-06-25T16:23:38.572+0000] {processor.py:183} INFO - Processing /opt/airflow/dags/fill_data.py took 0.202 seconds
[2024-06-25T16:24:08.785+0000] {processor.py:161} INFO - Started process (PID=344) to work on /opt/airflow/dags/fill_data.py
[2024-06-25T16:24:08.787+0000] {processor.py:830} INFO - Processing file /opt/airflow/dags/fill_data.py for tasks to queue
[2024-06-25T16:24:08.789+0000] {logging_mixin.py:188} INFO - [2024-06-25T16:24:08.788+0000] {dagbag.py:545} INFO - Filling up the DagBag from /opt/airflow/dags/fill_data.py
[2024-06-25T16:24:08.943+0000] {processor.py:840} INFO - DAG(s) 'fill_data' retrieved from /opt/airflow/dags/fill_data.py
[2024-06-25T16:24:08.949+0000] {logging_mixin.py:188} INFO - [2024-06-25T16:24:08.949+0000] {dag.py:3096} INFO - Sync 1 DAGs
[2024-06-25T16:24:08.955+0000] {logging_mixin.py:188} INFO - [2024-06-25T16:24:08.955+0000] {dag.py:3954} INFO - Setting next_dagrun for fill_data to 2024-06-25 00:00:00+00:00, run_after=2024-06-26 00:00:00+00:00
[2024-06-25T16:24:08.963+0000] {processor.py:183} INFO - Processing /opt/airflow/dags/fill_data.py took 0.185 seconds
[2024-06-25T16:24:39.050+0000] {processor.py:161} INFO - Started process (PID=356) to work on /opt/airflow/dags/fill_data.py
[2024-06-25T16:24:39.051+0000] {processor.py:830} INFO - Processing file /opt/airflow/dags/fill_data.py for tasks to queue
[2024-06-25T16:24:39.053+0000] {logging_mixin.py:188} INFO - [2024-06-25T16:24:39.053+0000] {dagbag.py:545} INFO - Filling up the DagBag from /opt/airflow/dags/fill_data.py
[2024-06-25T16:24:39.214+0000] {processor.py:840} INFO - DAG(s) 'fill_data' retrieved from /opt/airflow/dags/fill_data.py
[2024-06-25T16:24:39.220+0000] {logging_mixin.py:188} INFO - [2024-06-25T16:24:39.220+0000] {dag.py:3096} INFO - Sync 1 DAGs
[2024-06-25T16:24:39.227+0000] {logging_mixin.py:188} INFO - [2024-06-25T16:24:39.226+0000] {dag.py:3954} INFO - Setting next_dagrun for fill_data to 2024-06-25 00:00:00+00:00, run_after=2024-06-26 00:00:00+00:00
[2024-06-25T16:24:39.235+0000] {processor.py:183} INFO - Processing /opt/airflow/dags/fill_data.py took 0.192 seconds
[2024-06-25T16:25:09.342+0000] {processor.py:161} INFO - Started process (PID=368) to work on /opt/airflow/dags/fill_data.py
[2024-06-25T16:25:09.343+0000] {processor.py:830} INFO - Processing file /opt/airflow/dags/fill_data.py for tasks to queue
[2024-06-25T16:25:09.345+0000] {logging_mixin.py:188} INFO - [2024-06-25T16:25:09.345+0000] {dagbag.py:545} INFO - Filling up the DagBag from /opt/airflow/dags/fill_data.py
[2024-06-25T16:25:09.537+0000] {processor.py:840} INFO - DAG(s) 'fill_data' retrieved from /opt/airflow/dags/fill_data.py
[2024-06-25T16:25:09.546+0000] {logging_mixin.py:188} INFO - [2024-06-25T16:25:09.546+0000] {dag.py:3096} INFO - Sync 1 DAGs
[2024-06-25T16:25:09.552+0000] {logging_mixin.py:188} INFO - [2024-06-25T16:25:09.552+0000] {dag.py:3954} INFO - Setting next_dagrun for fill_data to 2024-06-25 00:00:00+00:00, run_after=2024-06-26 00:00:00+00:00
[2024-06-25T16:25:09.562+0000] {processor.py:183} INFO - Processing /opt/airflow/dags/fill_data.py took 0.227 seconds
[2024-06-25T16:25:39.746+0000] {processor.py:161} INFO - Started process (PID=380) to work on /opt/airflow/dags/fill_data.py
[2024-06-25T16:25:39.747+0000] {processor.py:830} INFO - Processing file /opt/airflow/dags/fill_data.py for tasks to queue
[2024-06-25T16:25:39.749+0000] {logging_mixin.py:188} INFO - [2024-06-25T16:25:39.748+0000] {dagbag.py:545} INFO - Filling up the DagBag from /opt/airflow/dags/fill_data.py
[2024-06-25T16:25:39.918+0000] {processor.py:840} INFO - DAG(s) 'fill_data' retrieved from /opt/airflow/dags/fill_data.py
[2024-06-25T16:25:39.924+0000] {logging_mixin.py:188} INFO - [2024-06-25T16:25:39.924+0000] {dag.py:3096} INFO - Sync 1 DAGs
[2024-06-25T16:25:39.930+0000] {logging_mixin.py:188} INFO - [2024-06-25T16:25:39.930+0000] {dag.py:3954} INFO - Setting next_dagrun for fill_data to 2024-06-25 00:00:00+00:00, run_after=2024-06-26 00:00:00+00:00
[2024-06-25T16:25:39.938+0000] {processor.py:183} INFO - Processing /opt/airflow/dags/fill_data.py took 0.199 seconds
[2024-06-25T16:26:10.024+0000] {processor.py:161} INFO - Started process (PID=392) to work on /opt/airflow/dags/fill_data.py
[2024-06-25T16:26:10.025+0000] {processor.py:830} INFO - Processing file /opt/airflow/dags/fill_data.py for tasks to queue
[2024-06-25T16:26:10.027+0000] {logging_mixin.py:188} INFO - [2024-06-25T16:26:10.027+0000] {dagbag.py:545} INFO - Filling up the DagBag from /opt/airflow/dags/fill_data.py
[2024-06-25T16:26:10.196+0000] {processor.py:840} INFO - DAG(s) 'fill_data' retrieved from /opt/airflow/dags/fill_data.py
[2024-06-25T16:26:10.202+0000] {logging_mixin.py:188} INFO - [2024-06-25T16:26:10.202+0000] {dag.py:3096} INFO - Sync 1 DAGs
[2024-06-25T16:26:10.208+0000] {logging_mixin.py:188} INFO - [2024-06-25T16:26:10.208+0000] {dag.py:3954} INFO - Setting next_dagrun for fill_data to 2024-06-25 00:00:00+00:00, run_after=2024-06-26 00:00:00+00:00
[2024-06-25T16:26:10.216+0000] {processor.py:183} INFO - Processing /opt/airflow/dags/fill_data.py took 0.199 seconds
[2024-06-25T16:26:40.402+0000] {processor.py:161} INFO - Started process (PID=404) to work on /opt/airflow/dags/fill_data.py
[2024-06-25T16:26:40.402+0000] {processor.py:830} INFO - Processing file /opt/airflow/dags/fill_data.py for tasks to queue
[2024-06-25T16:26:40.403+0000] {logging_mixin.py:188} INFO - [2024-06-25T16:26:40.403+0000] {dagbag.py:545} INFO - Filling up the DagBag from /opt/airflow/dags/fill_data.py
[2024-06-25T16:26:40.566+0000] {processor.py:840} INFO - DAG(s) 'fill_data' retrieved from /opt/airflow/dags/fill_data.py
[2024-06-25T16:26:40.573+0000] {logging_mixin.py:188} INFO - [2024-06-25T16:26:40.573+0000] {dag.py:3096} INFO - Sync 1 DAGs
[2024-06-25T16:26:40.579+0000] {logging_mixin.py:188} INFO - [2024-06-25T16:26:40.579+0000] {dag.py:3954} INFO - Setting next_dagrun for fill_data to 2024-06-25 00:00:00+00:00, run_after=2024-06-26 00:00:00+00:00
[2024-06-25T16:26:40.587+0000] {processor.py:183} INFO - Processing /opt/airflow/dags/fill_data.py took 0.188 seconds
[2024-06-25T16:27:10.695+0000] {processor.py:161} INFO - Started process (PID=416) to work on /opt/airflow/dags/fill_data.py
[2024-06-25T16:27:10.697+0000] {processor.py:830} INFO - Processing file /opt/airflow/dags/fill_data.py for tasks to queue
[2024-06-25T16:27:10.699+0000] {logging_mixin.py:188} INFO - [2024-06-25T16:27:10.698+0000] {dagbag.py:545} INFO - Filling up the DagBag from /opt/airflow/dags/fill_data.py
[2024-06-25T16:27:10.881+0000] {processor.py:840} INFO - DAG(s) 'fill_data' retrieved from /opt/airflow/dags/fill_data.py
[2024-06-25T16:27:10.888+0000] {logging_mixin.py:188} INFO - [2024-06-25T16:27:10.888+0000] {dag.py:3096} INFO - Sync 1 DAGs
[2024-06-25T16:27:10.894+0000] {logging_mixin.py:188} INFO - [2024-06-25T16:27:10.894+0000] {dag.py:3954} INFO - Setting next_dagrun for fill_data to 2024-06-25 00:00:00+00:00, run_after=2024-06-26 00:00:00+00:00
[2024-06-25T16:27:10.903+0000] {processor.py:183} INFO - Processing /opt/airflow/dags/fill_data.py took 0.215 seconds
[2024-06-25T16:27:41.068+0000] {processor.py:161} INFO - Started process (PID=428) to work on /opt/airflow/dags/fill_data.py
[2024-06-25T16:27:41.070+0000] {processor.py:830} INFO - Processing file /opt/airflow/dags/fill_data.py for tasks to queue
[2024-06-25T16:27:41.072+0000] {logging_mixin.py:188} INFO - [2024-06-25T16:27:41.071+0000] {dagbag.py:545} INFO - Filling up the DagBag from /opt/airflow/dags/fill_data.py
[2024-06-25T16:27:41.247+0000] {processor.py:840} INFO - DAG(s) 'fill_data' retrieved from /opt/airflow/dags/fill_data.py
[2024-06-25T16:27:41.254+0000] {logging_mixin.py:188} INFO - [2024-06-25T16:27:41.253+0000] {dag.py:3096} INFO - Sync 1 DAGs
[2024-06-25T16:27:41.259+0000] {logging_mixin.py:188} INFO - [2024-06-25T16:27:41.259+0000] {dag.py:3954} INFO - Setting next_dagrun for fill_data to 2024-06-25 00:00:00+00:00, run_after=2024-06-26 00:00:00+00:00
[2024-06-25T16:27:41.267+0000] {processor.py:183} INFO - Processing /opt/airflow/dags/fill_data.py took 0.206 seconds
[2024-06-25T16:28:11.462+0000] {processor.py:161} INFO - Started process (PID=440) to work on /opt/airflow/dags/fill_data.py
[2024-06-25T16:28:11.463+0000] {processor.py:830} INFO - Processing file /opt/airflow/dags/fill_data.py for tasks to queue
[2024-06-25T16:28:11.465+0000] {logging_mixin.py:188} INFO - [2024-06-25T16:28:11.465+0000] {dagbag.py:545} INFO - Filling up the DagBag from /opt/airflow/dags/fill_data.py
[2024-06-25T16:28:11.624+0000] {processor.py:840} INFO - DAG(s) 'fill_data' retrieved from /opt/airflow/dags/fill_data.py
[2024-06-25T16:28:11.630+0000] {logging_mixin.py:188} INFO - [2024-06-25T16:28:11.630+0000] {dag.py:3096} INFO - Sync 1 DAGs
[2024-06-25T16:28:11.636+0000] {logging_mixin.py:188} INFO - [2024-06-25T16:28:11.636+0000] {dag.py:3954} INFO - Setting next_dagrun for fill_data to 2024-06-25 00:00:00+00:00, run_after=2024-06-26 00:00:00+00:00
[2024-06-25T16:28:11.644+0000] {processor.py:183} INFO - Processing /opt/airflow/dags/fill_data.py took 0.189 seconds
[2024-06-25T16:28:41.761+0000] {processor.py:161} INFO - Started process (PID=452) to work on /opt/airflow/dags/fill_data.py
[2024-06-25T16:28:41.763+0000] {processor.py:830} INFO - Processing file /opt/airflow/dags/fill_data.py for tasks to queue
[2024-06-25T16:28:41.765+0000] {logging_mixin.py:188} INFO - [2024-06-25T16:28:41.764+0000] {dagbag.py:545} INFO - Filling up the DagBag from /opt/airflow/dags/fill_data.py
[2024-06-25T16:28:41.923+0000] {processor.py:840} INFO - DAG(s) 'fill_data' retrieved from /opt/airflow/dags/fill_data.py
[2024-06-25T16:28:41.930+0000] {logging_mixin.py:188} INFO - [2024-06-25T16:28:41.929+0000] {dag.py:3096} INFO - Sync 1 DAGs
[2024-06-25T16:28:41.936+0000] {logging_mixin.py:188} INFO - [2024-06-25T16:28:41.936+0000] {dag.py:3954} INFO - Setting next_dagrun for fill_data to 2024-06-25 00:00:00+00:00, run_after=2024-06-26 00:00:00+00:00
[2024-06-25T16:28:41.944+0000] {processor.py:183} INFO - Processing /opt/airflow/dags/fill_data.py took 0.190 seconds
[2024-06-25T16:28:49.133+0000] {processor.py:161} INFO - Started process (PID=463) to work on /opt/airflow/dags/fill_data.py
[2024-06-25T16:28:49.135+0000] {processor.py:830} INFO - Processing file /opt/airflow/dags/fill_data.py for tasks to queue
[2024-06-25T16:28:49.137+0000] {logging_mixin.py:188} INFO - [2024-06-25T16:28:49.137+0000] {dagbag.py:545} INFO - Filling up the DagBag from /opt/airflow/dags/fill_data.py
[2024-06-25T16:28:49.319+0000] {processor.py:840} INFO - DAG(s) 'fill_data' retrieved from /opt/airflow/dags/fill_data.py
[2024-06-25T16:28:49.326+0000] {logging_mixin.py:188} INFO - [2024-06-25T16:28:49.326+0000] {dag.py:3096} INFO - Sync 1 DAGs
[2024-06-25T16:28:49.332+0000] {logging_mixin.py:188} INFO - [2024-06-25T16:28:49.331+0000] {dag.py:3954} INFO - Setting next_dagrun for fill_data to 2024-06-25 00:00:00+00:00, run_after=2024-06-26 00:00:00+00:00
[2024-06-25T16:28:49.341+0000] {processor.py:183} INFO - Processing /opt/airflow/dags/fill_data.py took 0.214 seconds
[2024-06-25T16:28:59.239+0000] {processor.py:161} INFO - Started process (PID=475) to work on /opt/airflow/dags/fill_data.py
[2024-06-25T16:28:59.240+0000] {processor.py:830} INFO - Processing file /opt/airflow/dags/fill_data.py for tasks to queue
[2024-06-25T16:28:59.241+0000] {logging_mixin.py:188} INFO - [2024-06-25T16:28:59.241+0000] {dagbag.py:545} INFO - Filling up the DagBag from /opt/airflow/dags/fill_data.py
[2024-06-25T16:28:59.421+0000] {processor.py:840} INFO - DAG(s) 'fill_data' retrieved from /opt/airflow/dags/fill_data.py
[2024-06-25T16:28:59.428+0000] {logging_mixin.py:188} INFO - [2024-06-25T16:28:59.428+0000] {dag.py:3096} INFO - Sync 1 DAGs
[2024-06-25T16:28:59.434+0000] {logging_mixin.py:188} INFO - [2024-06-25T16:28:59.434+0000] {dag.py:3954} INFO - Setting next_dagrun for fill_data to 2024-06-25 00:00:00+00:00, run_after=2024-06-26 00:00:00+00:00
[2024-06-25T16:28:59.442+0000] {processor.py:183} INFO - Processing /opt/airflow/dags/fill_data.py took 0.207 seconds
[2024-06-25T16:29:30.516+0000] {processor.py:161} INFO - Started process (PID=487) to work on /opt/airflow/dags/fill_data.py
[2024-06-25T16:29:30.517+0000] {processor.py:830} INFO - Processing file /opt/airflow/dags/fill_data.py for tasks to queue
[2024-06-25T16:29:30.517+0000] {logging_mixin.py:188} INFO - [2024-06-25T16:29:30.517+0000] {dagbag.py:545} INFO - Filling up the DagBag from /opt/airflow/dags/fill_data.py
[2024-06-25T16:29:30.662+0000] {processor.py:840} INFO - DAG(s) 'fill_data' retrieved from /opt/airflow/dags/fill_data.py
[2024-06-25T16:29:30.668+0000] {logging_mixin.py:188} INFO - [2024-06-25T16:29:30.668+0000] {dag.py:3096} INFO - Sync 1 DAGs
[2024-06-25T16:29:30.674+0000] {logging_mixin.py:188} INFO - [2024-06-25T16:29:30.674+0000] {dag.py:3954} INFO - Setting next_dagrun for fill_data to 2024-06-25 00:00:00+00:00, run_after=2024-06-26 00:00:00+00:00
[2024-06-25T16:29:30.681+0000] {processor.py:183} INFO - Processing /opt/airflow/dags/fill_data.py took 0.168 seconds
[2024-06-25T16:30:00.784+0000] {processor.py:161} INFO - Started process (PID=499) to work on /opt/airflow/dags/fill_data.py
[2024-06-25T16:30:00.786+0000] {processor.py:830} INFO - Processing file /opt/airflow/dags/fill_data.py for tasks to queue
[2024-06-25T16:30:00.788+0000] {logging_mixin.py:188} INFO - [2024-06-25T16:30:00.787+0000] {dagbag.py:545} INFO - Filling up the DagBag from /opt/airflow/dags/fill_data.py
[2024-06-25T16:30:00.960+0000] {processor.py:840} INFO - DAG(s) 'fill_data' retrieved from /opt/airflow/dags/fill_data.py
[2024-06-25T16:30:00.967+0000] {logging_mixin.py:188} INFO - [2024-06-25T16:30:00.967+0000] {dag.py:3096} INFO - Sync 1 DAGs
[2024-06-25T16:30:00.974+0000] {logging_mixin.py:188} INFO - [2024-06-25T16:30:00.974+0000] {dag.py:3954} INFO - Setting next_dagrun for fill_data to 2024-06-25 00:00:00+00:00, run_after=2024-06-26 00:00:00+00:00
[2024-06-25T16:30:00.981+0000] {processor.py:183} INFO - Processing /opt/airflow/dags/fill_data.py took 0.204 seconds
[2024-06-25T16:30:32.069+0000] {processor.py:161} INFO - Started process (PID=511) to work on /opt/airflow/dags/fill_data.py
[2024-06-25T16:30:32.070+0000] {processor.py:830} INFO - Processing file /opt/airflow/dags/fill_data.py for tasks to queue
[2024-06-25T16:30:32.073+0000] {logging_mixin.py:188} INFO - [2024-06-25T16:30:32.072+0000] {dagbag.py:545} INFO - Filling up the DagBag from /opt/airflow/dags/fill_data.py
[2024-06-25T16:30:32.244+0000] {processor.py:840} INFO - DAG(s) 'fill_data' retrieved from /opt/airflow/dags/fill_data.py
[2024-06-25T16:30:32.250+0000] {logging_mixin.py:188} INFO - [2024-06-25T16:30:32.250+0000] {dag.py:3096} INFO - Sync 1 DAGs
[2024-06-25T16:30:32.257+0000] {logging_mixin.py:188} INFO - [2024-06-25T16:30:32.257+0000] {dag.py:3954} INFO - Setting next_dagrun for fill_data to 2024-06-25 00:00:00+00:00, run_after=2024-06-26 00:00:00+00:00
[2024-06-25T16:30:32.265+0000] {processor.py:183} INFO - Processing /opt/airflow/dags/fill_data.py took 0.202 seconds
[2024-06-25T16:31:03.055+0000] {processor.py:161} INFO - Started process (PID=523) to work on /opt/airflow/dags/fill_data.py
[2024-06-25T16:31:03.056+0000] {processor.py:830} INFO - Processing file /opt/airflow/dags/fill_data.py for tasks to queue
[2024-06-25T16:31:03.058+0000] {logging_mixin.py:188} INFO - [2024-06-25T16:31:03.058+0000] {dagbag.py:545} INFO - Filling up the DagBag from /opt/airflow/dags/fill_data.py
[2024-06-25T16:31:03.229+0000] {processor.py:840} INFO - DAG(s) 'fill_data' retrieved from /opt/airflow/dags/fill_data.py
[2024-06-25T16:31:03.236+0000] {logging_mixin.py:188} INFO - [2024-06-25T16:31:03.236+0000] {dag.py:3096} INFO - Sync 1 DAGs
[2024-06-25T16:31:03.242+0000] {logging_mixin.py:188} INFO - [2024-06-25T16:31:03.242+0000] {dag.py:3954} INFO - Setting next_dagrun for fill_data to 2024-06-25 00:00:00+00:00, run_after=2024-06-26 00:00:00+00:00
[2024-06-25T16:31:03.249+0000] {processor.py:183} INFO - Processing /opt/airflow/dags/fill_data.py took 0.201 seconds
[2024-06-25T16:31:33.494+0000] {processor.py:161} INFO - Started process (PID=535) to work on /opt/airflow/dags/fill_data.py
[2024-06-25T16:31:33.495+0000] {processor.py:830} INFO - Processing file /opt/airflow/dags/fill_data.py for tasks to queue
[2024-06-25T16:31:33.497+0000] {logging_mixin.py:188} INFO - [2024-06-25T16:31:33.497+0000] {dagbag.py:545} INFO - Filling up the DagBag from /opt/airflow/dags/fill_data.py
[2024-06-25T16:31:33.659+0000] {processor.py:840} INFO - DAG(s) 'fill_data' retrieved from /opt/airflow/dags/fill_data.py
[2024-06-25T16:31:33.666+0000] {logging_mixin.py:188} INFO - [2024-06-25T16:31:33.665+0000] {dag.py:3096} INFO - Sync 1 DAGs
[2024-06-25T16:31:33.672+0000] {logging_mixin.py:188} INFO - [2024-06-25T16:31:33.672+0000] {dag.py:3954} INFO - Setting next_dagrun for fill_data to 2024-06-25 00:00:00+00:00, run_after=2024-06-26 00:00:00+00:00
[2024-06-25T16:31:33.680+0000] {processor.py:183} INFO - Processing /opt/airflow/dags/fill_data.py took 0.193 seconds
[2024-06-25T16:32:03.954+0000] {processor.py:161} INFO - Started process (PID=547) to work on /opt/airflow/dags/fill_data.py
[2024-06-25T16:32:03.955+0000] {processor.py:830} INFO - Processing file /opt/airflow/dags/fill_data.py for tasks to queue
[2024-06-25T16:32:03.957+0000] {logging_mixin.py:188} INFO - [2024-06-25T16:32:03.957+0000] {dagbag.py:545} INFO - Filling up the DagBag from /opt/airflow/dags/fill_data.py
[2024-06-25T16:32:04.154+0000] {processor.py:840} INFO - DAG(s) 'fill_data' retrieved from /opt/airflow/dags/fill_data.py
[2024-06-25T16:32:04.160+0000] {logging_mixin.py:188} INFO - [2024-06-25T16:32:04.160+0000] {dag.py:3096} INFO - Sync 1 DAGs
[2024-06-25T16:32:04.167+0000] {logging_mixin.py:188} INFO - [2024-06-25T16:32:04.167+0000] {dag.py:3954} INFO - Setting next_dagrun for fill_data to 2024-06-25 00:00:00+00:00, run_after=2024-06-26 00:00:00+00:00
[2024-06-25T16:32:04.175+0000] {processor.py:183} INFO - Processing /opt/airflow/dags/fill_data.py took 0.228 seconds
[2024-06-25T16:32:34.380+0000] {processor.py:161} INFO - Started process (PID=559) to work on /opt/airflow/dags/fill_data.py
[2024-06-25T16:32:34.381+0000] {processor.py:830} INFO - Processing file /opt/airflow/dags/fill_data.py for tasks to queue
[2024-06-25T16:32:34.383+0000] {logging_mixin.py:188} INFO - [2024-06-25T16:32:34.383+0000] {dagbag.py:545} INFO - Filling up the DagBag from /opt/airflow/dags/fill_data.py
[2024-06-25T16:32:34.556+0000] {processor.py:840} INFO - DAG(s) 'fill_data' retrieved from /opt/airflow/dags/fill_data.py
[2024-06-25T16:32:34.562+0000] {logging_mixin.py:188} INFO - [2024-06-25T16:32:34.562+0000] {dag.py:3096} INFO - Sync 1 DAGs
[2024-06-25T16:32:34.570+0000] {logging_mixin.py:188} INFO - [2024-06-25T16:32:34.570+0000] {dag.py:3954} INFO - Setting next_dagrun for fill_data to 2024-06-25 00:00:00+00:00, run_after=2024-06-26 00:00:00+00:00
[2024-06-25T16:32:34.578+0000] {processor.py:183} INFO - Processing /opt/airflow/dags/fill_data.py took 0.204 seconds
[2024-06-25T16:33:04.926+0000] {processor.py:161} INFO - Started process (PID=571) to work on /opt/airflow/dags/fill_data.py
[2024-06-25T16:33:04.928+0000] {processor.py:830} INFO - Processing file /opt/airflow/dags/fill_data.py for tasks to queue
[2024-06-25T16:33:04.930+0000] {logging_mixin.py:188} INFO - [2024-06-25T16:33:04.930+0000] {dagbag.py:545} INFO - Filling up the DagBag from /opt/airflow/dags/fill_data.py
[2024-06-25T16:33:05.119+0000] {processor.py:840} INFO - DAG(s) 'fill_data' retrieved from /opt/airflow/dags/fill_data.py
[2024-06-25T16:33:05.127+0000] {logging_mixin.py:188} INFO - [2024-06-25T16:33:05.127+0000] {dag.py:3096} INFO - Sync 1 DAGs
[2024-06-25T16:33:05.134+0000] {logging_mixin.py:188} INFO - [2024-06-25T16:33:05.133+0000] {dag.py:3954} INFO - Setting next_dagrun for fill_data to 2024-06-25 00:00:00+00:00, run_after=2024-06-26 00:00:00+00:00
[2024-06-25T16:33:05.142+0000] {processor.py:183} INFO - Processing /opt/airflow/dags/fill_data.py took 0.223 seconds
[2024-06-25T16:33:35.362+0000] {processor.py:161} INFO - Started process (PID=583) to work on /opt/airflow/dags/fill_data.py
[2024-06-25T16:33:35.363+0000] {processor.py:830} INFO - Processing file /opt/airflow/dags/fill_data.py for tasks to queue
[2024-06-25T16:33:35.365+0000] {logging_mixin.py:188} INFO - [2024-06-25T16:33:35.365+0000] {dagbag.py:545} INFO - Filling up the DagBag from /opt/airflow/dags/fill_data.py
[2024-06-25T16:33:35.534+0000] {processor.py:840} INFO - DAG(s) 'fill_data' retrieved from /opt/airflow/dags/fill_data.py
[2024-06-25T16:33:35.541+0000] {logging_mixin.py:188} INFO - [2024-06-25T16:33:35.541+0000] {dag.py:3096} INFO - Sync 1 DAGs
[2024-06-25T16:33:35.547+0000] {logging_mixin.py:188} INFO - [2024-06-25T16:33:35.547+0000] {dag.py:3954} INFO - Setting next_dagrun for fill_data to 2024-06-25 00:00:00+00:00, run_after=2024-06-26 00:00:00+00:00
[2024-06-25T16:33:35.555+0000] {processor.py:183} INFO - Processing /opt/airflow/dags/fill_data.py took 0.200 seconds
[2024-06-25T16:34:00.911+0000] {processor.py:161} INFO - Started process (PID=595) to work on /opt/airflow/dags/fill_data.py
[2024-06-25T16:34:00.912+0000] {processor.py:830} INFO - Processing file /opt/airflow/dags/fill_data.py for tasks to queue
[2024-06-25T16:34:00.914+0000] {logging_mixin.py:188} INFO - [2024-06-25T16:34:00.913+0000] {dagbag.py:545} INFO - Filling up the DagBag from /opt/airflow/dags/fill_data.py
[2024-06-25T16:34:01.090+0000] {processor.py:840} INFO - DAG(s) 'fill_data' retrieved from /opt/airflow/dags/fill_data.py
[2024-06-25T16:34:01.097+0000] {logging_mixin.py:188} INFO - [2024-06-25T16:34:01.097+0000] {dag.py:3096} INFO - Sync 1 DAGs
[2024-06-25T16:34:01.105+0000] {logging_mixin.py:188} INFO - [2024-06-25T16:34:01.104+0000] {dag.py:3954} INFO - Setting next_dagrun for fill_data to 2024-06-25 00:00:00+00:00, run_after=2024-06-26 00:00:00+00:00
[2024-06-25T16:34:01.115+0000] {processor.py:183} INFO - Processing /opt/airflow/dags/fill_data.py took 0.210 seconds
[2024-06-25T16:34:31.519+0000] {processor.py:161} INFO - Started process (PID=607) to work on /opt/airflow/dags/fill_data.py
[2024-06-25T16:34:31.521+0000] {processor.py:830} INFO - Processing file /opt/airflow/dags/fill_data.py for tasks to queue
[2024-06-25T16:34:31.524+0000] {logging_mixin.py:188} INFO - [2024-06-25T16:34:31.523+0000] {dagbag.py:545} INFO - Filling up the DagBag from /opt/airflow/dags/fill_data.py
[2024-06-25T16:34:31.687+0000] {processor.py:840} INFO - DAG(s) 'fill_data' retrieved from /opt/airflow/dags/fill_data.py
[2024-06-25T16:34:31.693+0000] {logging_mixin.py:188} INFO - [2024-06-25T16:34:31.693+0000] {dag.py:3096} INFO - Sync 1 DAGs
[2024-06-25T16:34:31.700+0000] {logging_mixin.py:188} INFO - [2024-06-25T16:34:31.700+0000] {dag.py:3954} INFO - Setting next_dagrun for fill_data to 2024-06-25 00:00:00+00:00, run_after=2024-06-26 00:00:00+00:00
[2024-06-25T16:34:31.708+0000] {processor.py:183} INFO - Processing /opt/airflow/dags/fill_data.py took 0.196 seconds
[2024-06-25T16:34:42.870+0000] {processor.py:161} INFO - Started process (PID=618) to work on /opt/airflow/dags/fill_data.py
[2024-06-25T16:34:42.871+0000] {processor.py:830} INFO - Processing file /opt/airflow/dags/fill_data.py for tasks to queue
[2024-06-25T16:34:42.873+0000] {logging_mixin.py:188} INFO - [2024-06-25T16:34:42.873+0000] {dagbag.py:545} INFO - Filling up the DagBag from /opt/airflow/dags/fill_data.py
[2024-06-25T16:34:43.042+0000] {processor.py:840} INFO - DAG(s) 'fill_data' retrieved from /opt/airflow/dags/fill_data.py
[2024-06-25T16:34:43.051+0000] {logging_mixin.py:188} INFO - [2024-06-25T16:34:43.051+0000] {dag.py:3096} INFO - Sync 1 DAGs
[2024-06-25T16:34:43.059+0000] {logging_mixin.py:188} INFO - [2024-06-25T16:34:43.058+0000] {dag.py:3954} INFO - Setting next_dagrun for fill_data to 2024-06-25 00:00:00+00:00, run_after=2024-06-26 00:00:00+00:00
[2024-06-25T16:34:43.067+0000] {processor.py:183} INFO - Processing /opt/airflow/dags/fill_data.py took 0.205 seconds
[2024-06-25T16:35:00.316+0000] {processor.py:161} INFO - Started process (PID=630) to work on /opt/airflow/dags/fill_data.py
[2024-06-25T16:35:00.317+0000] {processor.py:830} INFO - Processing file /opt/airflow/dags/fill_data.py for tasks to queue
[2024-06-25T16:35:00.319+0000] {logging_mixin.py:188} INFO - [2024-06-25T16:35:00.318+0000] {dagbag.py:545} INFO - Filling up the DagBag from /opt/airflow/dags/fill_data.py
[2024-06-25T16:35:00.495+0000] {processor.py:840} INFO - DAG(s) 'fill_data' retrieved from /opt/airflow/dags/fill_data.py
[2024-06-25T16:35:00.505+0000] {logging_mixin.py:188} INFO - [2024-06-25T16:35:00.505+0000] {dag.py:3096} INFO - Sync 1 DAGs
[2024-06-25T16:35:00.514+0000] {logging_mixin.py:188} INFO - [2024-06-25T16:35:00.514+0000] {dag.py:3954} INFO - Setting next_dagrun for fill_data to 2024-06-25 00:00:00+00:00, run_after=2024-06-26 00:00:00+00:00
[2024-06-25T16:35:00.527+0000] {processor.py:183} INFO - Processing /opt/airflow/dags/fill_data.py took 0.219 seconds
[2024-06-25T16:35:31.441+0000] {processor.py:161} INFO - Started process (PID=642) to work on /opt/airflow/dags/fill_data.py
[2024-06-25T16:35:31.442+0000] {processor.py:830} INFO - Processing file /opt/airflow/dags/fill_data.py for tasks to queue
[2024-06-25T16:35:31.444+0000] {logging_mixin.py:188} INFO - [2024-06-25T16:35:31.444+0000] {dagbag.py:545} INFO - Filling up the DagBag from /opt/airflow/dags/fill_data.py
[2024-06-25T16:35:31.621+0000] {processor.py:840} INFO - DAG(s) 'fill_data' retrieved from /opt/airflow/dags/fill_data.py
[2024-06-25T16:35:31.627+0000] {logging_mixin.py:188} INFO - [2024-06-25T16:35:31.627+0000] {dag.py:3096} INFO - Sync 1 DAGs
[2024-06-25T16:35:31.633+0000] {logging_mixin.py:188} INFO - [2024-06-25T16:35:31.633+0000] {dag.py:3954} INFO - Setting next_dagrun for fill_data to 2024-06-25 00:00:00+00:00, run_after=2024-06-26 00:00:00+00:00
[2024-06-25T16:35:31.641+0000] {processor.py:183} INFO - Processing /opt/airflow/dags/fill_data.py took 0.207 seconds
[2024-06-25T16:36:02.535+0000] {processor.py:161} INFO - Started process (PID=654) to work on /opt/airflow/dags/fill_data.py
[2024-06-25T16:36:02.536+0000] {processor.py:830} INFO - Processing file /opt/airflow/dags/fill_data.py for tasks to queue
[2024-06-25T16:36:02.538+0000] {logging_mixin.py:188} INFO - [2024-06-25T16:36:02.537+0000] {dagbag.py:545} INFO - Filling up the DagBag from /opt/airflow/dags/fill_data.py
[2024-06-25T16:36:02.705+0000] {processor.py:840} INFO - DAG(s) 'fill_data' retrieved from /opt/airflow/dags/fill_data.py
[2024-06-25T16:36:02.712+0000] {logging_mixin.py:188} INFO - [2024-06-25T16:36:02.711+0000] {dag.py:3096} INFO - Sync 1 DAGs
[2024-06-25T16:36:02.718+0000] {logging_mixin.py:188} INFO - [2024-06-25T16:36:02.718+0000] {dag.py:3954} INFO - Setting next_dagrun for fill_data to 2024-06-25 00:00:00+00:00, run_after=2024-06-26 00:00:00+00:00
[2024-06-25T16:36:02.726+0000] {processor.py:183} INFO - Processing /opt/airflow/dags/fill_data.py took 0.198 seconds
[2024-06-25T16:36:33.000+0000] {processor.py:161} INFO - Started process (PID=666) to work on /opt/airflow/dags/fill_data.py
[2024-06-25T16:36:33.002+0000] {processor.py:830} INFO - Processing file /opt/airflow/dags/fill_data.py for tasks to queue
[2024-06-25T16:36:33.004+0000] {logging_mixin.py:188} INFO - [2024-06-25T16:36:33.004+0000] {dagbag.py:545} INFO - Filling up the DagBag from /opt/airflow/dags/fill_data.py
[2024-06-25T16:36:33.173+0000] {processor.py:840} INFO - DAG(s) 'fill_data' retrieved from /opt/airflow/dags/fill_data.py
[2024-06-25T16:36:33.180+0000] {logging_mixin.py:188} INFO - [2024-06-25T16:36:33.179+0000] {dag.py:3096} INFO - Sync 1 DAGs
[2024-06-25T16:36:33.185+0000] {logging_mixin.py:188} INFO - [2024-06-25T16:36:33.185+0000] {dag.py:3954} INFO - Setting next_dagrun for fill_data to 2024-06-25 00:00:00+00:00, run_after=2024-06-26 00:00:00+00:00
[2024-06-25T16:36:33.193+0000] {processor.py:183} INFO - Processing /opt/airflow/dags/fill_data.py took 0.200 seconds
[2024-06-25T16:37:03.623+0000] {processor.py:161} INFO - Started process (PID=678) to work on /opt/airflow/dags/fill_data.py
[2024-06-25T16:37:03.625+0000] {processor.py:830} INFO - Processing file /opt/airflow/dags/fill_data.py for tasks to queue
[2024-06-25T16:37:03.626+0000] {logging_mixin.py:188} INFO - [2024-06-25T16:37:03.626+0000] {dagbag.py:545} INFO - Filling up the DagBag from /opt/airflow/dags/fill_data.py
[2024-06-25T16:37:03.813+0000] {processor.py:840} INFO - DAG(s) 'fill_data' retrieved from /opt/airflow/dags/fill_data.py
[2024-06-25T16:37:03.821+0000] {logging_mixin.py:188} INFO - [2024-06-25T16:37:03.821+0000] {dag.py:3096} INFO - Sync 1 DAGs
[2024-06-25T16:37:03.828+0000] {logging_mixin.py:188} INFO - [2024-06-25T16:37:03.828+0000] {dag.py:3954} INFO - Setting next_dagrun for fill_data to 2024-06-25 00:00:00+00:00, run_after=2024-06-26 00:00:00+00:00
[2024-06-25T16:37:03.836+0000] {processor.py:183} INFO - Processing /opt/airflow/dags/fill_data.py took 0.221 seconds
[2024-06-25T16:37:34.205+0000] {processor.py:161} INFO - Started process (PID=690) to work on /opt/airflow/dags/fill_data.py
[2024-06-25T16:37:34.206+0000] {processor.py:830} INFO - Processing file /opt/airflow/dags/fill_data.py for tasks to queue
[2024-06-25T16:37:34.207+0000] {logging_mixin.py:188} INFO - [2024-06-25T16:37:34.207+0000] {dagbag.py:545} INFO - Filling up the DagBag from /opt/airflow/dags/fill_data.py
[2024-06-25T16:37:34.365+0000] {processor.py:840} INFO - DAG(s) 'fill_data' retrieved from /opt/airflow/dags/fill_data.py
[2024-06-25T16:37:34.372+0000] {logging_mixin.py:188} INFO - [2024-06-25T16:37:34.372+0000] {dag.py:3096} INFO - Sync 1 DAGs
[2024-06-25T16:37:34.378+0000] {logging_mixin.py:188} INFO - [2024-06-25T16:37:34.378+0000] {dag.py:3954} INFO - Setting next_dagrun for fill_data to 2024-06-25 00:00:00+00:00, run_after=2024-06-26 00:00:00+00:00
[2024-06-25T16:37:34.387+0000] {processor.py:183} INFO - Processing /opt/airflow/dags/fill_data.py took 0.187 seconds
[2024-06-25T16:38:04.689+0000] {processor.py:161} INFO - Started process (PID=702) to work on /opt/airflow/dags/fill_data.py
[2024-06-25T16:38:04.691+0000] {processor.py:830} INFO - Processing file /opt/airflow/dags/fill_data.py for tasks to queue
[2024-06-25T16:38:04.694+0000] {logging_mixin.py:188} INFO - [2024-06-25T16:38:04.693+0000] {dagbag.py:545} INFO - Filling up the DagBag from /opt/airflow/dags/fill_data.py
[2024-06-25T16:38:04.895+0000] {processor.py:840} INFO - DAG(s) 'fill_data' retrieved from /opt/airflow/dags/fill_data.py
[2024-06-25T16:38:04.904+0000] {logging_mixin.py:188} INFO - [2024-06-25T16:38:04.904+0000] {dag.py:3096} INFO - Sync 1 DAGs
[2024-06-25T16:38:04.912+0000] {logging_mixin.py:188} INFO - [2024-06-25T16:38:04.912+0000] {dag.py:3954} INFO - Setting next_dagrun for fill_data to 2024-06-25 00:00:00+00:00, run_after=2024-06-26 00:00:00+00:00
[2024-06-25T16:38:04.921+0000] {processor.py:183} INFO - Processing /opt/airflow/dags/fill_data.py took 0.244 seconds
[2024-06-25T16:38:35.312+0000] {processor.py:161} INFO - Started process (PID=714) to work on /opt/airflow/dags/fill_data.py
[2024-06-25T16:38:35.313+0000] {processor.py:830} INFO - Processing file /opt/airflow/dags/fill_data.py for tasks to queue
[2024-06-25T16:38:35.315+0000] {logging_mixin.py:188} INFO - [2024-06-25T16:38:35.315+0000] {dagbag.py:545} INFO - Filling up the DagBag from /opt/airflow/dags/fill_data.py
[2024-06-25T16:38:35.495+0000] {processor.py:840} INFO - DAG(s) 'fill_data' retrieved from /opt/airflow/dags/fill_data.py
[2024-06-25T16:38:35.503+0000] {logging_mixin.py:188} INFO - [2024-06-25T16:38:35.503+0000] {dag.py:3096} INFO - Sync 1 DAGs
[2024-06-25T16:38:35.509+0000] {logging_mixin.py:188} INFO - [2024-06-25T16:38:35.509+0000] {dag.py:3954} INFO - Setting next_dagrun for fill_data to 2024-06-25 00:00:00+00:00, run_after=2024-06-26 00:00:00+00:00
[2024-06-25T16:38:35.517+0000] {processor.py:183} INFO - Processing /opt/airflow/dags/fill_data.py took 0.213 seconds
[2024-06-25T16:38:39.954+0000] {processor.py:161} INFO - Started process (PID=725) to work on /opt/airflow/dags/fill_data.py
[2024-06-25T16:38:39.955+0000] {processor.py:830} INFO - Processing file /opt/airflow/dags/fill_data.py for tasks to queue
[2024-06-25T16:38:39.958+0000] {logging_mixin.py:188} INFO - [2024-06-25T16:38:39.957+0000] {dagbag.py:545} INFO - Filling up the DagBag from /opt/airflow/dags/fill_data.py
[2024-06-25T16:38:40.127+0000] {processor.py:840} INFO - DAG(s) 'fill_data' retrieved from /opt/airflow/dags/fill_data.py
[2024-06-25T16:38:40.135+0000] {logging_mixin.py:188} INFO - [2024-06-25T16:38:40.135+0000] {dag.py:3096} INFO - Sync 1 DAGs
[2024-06-25T16:38:40.142+0000] {logging_mixin.py:188} INFO - [2024-06-25T16:38:40.142+0000] {dag.py:3954} INFO - Setting next_dagrun for fill_data to 2024-06-25 00:00:00+00:00, run_after=2024-06-26 00:00:00+00:00
[2024-06-25T16:38:40.152+0000] {processor.py:183} INFO - Processing /opt/airflow/dags/fill_data.py took 0.205 seconds
[2024-06-25T16:39:10.931+0000] {processor.py:161} INFO - Started process (PID=737) to work on /opt/airflow/dags/fill_data.py
[2024-06-25T16:39:10.933+0000] {processor.py:830} INFO - Processing file /opt/airflow/dags/fill_data.py for tasks to queue
[2024-06-25T16:39:10.935+0000] {logging_mixin.py:188} INFO - [2024-06-25T16:39:10.934+0000] {dagbag.py:545} INFO - Filling up the DagBag from /opt/airflow/dags/fill_data.py
[2024-06-25T16:39:11.106+0000] {processor.py:840} INFO - DAG(s) 'fill_data' retrieved from /opt/airflow/dags/fill_data.py
[2024-06-25T16:39:11.113+0000] {logging_mixin.py:188} INFO - [2024-06-25T16:39:11.113+0000] {dag.py:3096} INFO - Sync 1 DAGs
[2024-06-25T16:39:11.120+0000] {logging_mixin.py:188} INFO - [2024-06-25T16:39:11.120+0000] {dag.py:3954} INFO - Setting next_dagrun for fill_data to 2024-06-25 00:00:00+00:00, run_after=2024-06-26 00:00:00+00:00
[2024-06-25T16:39:11.129+0000] {processor.py:183} INFO - Processing /opt/airflow/dags/fill_data.py took 0.206 seconds
[2024-06-25T16:39:41.387+0000] {processor.py:161} INFO - Started process (PID=749) to work on /opt/airflow/dags/fill_data.py
[2024-06-25T16:39:41.389+0000] {processor.py:830} INFO - Processing file /opt/airflow/dags/fill_data.py for tasks to queue
[2024-06-25T16:39:41.391+0000] {logging_mixin.py:188} INFO - [2024-06-25T16:39:41.391+0000] {dagbag.py:545} INFO - Filling up the DagBag from /opt/airflow/dags/fill_data.py
[2024-06-25T16:39:41.565+0000] {processor.py:840} INFO - DAG(s) 'fill_data' retrieved from /opt/airflow/dags/fill_data.py
[2024-06-25T16:39:41.572+0000] {logging_mixin.py:188} INFO - [2024-06-25T16:39:41.572+0000] {dag.py:3096} INFO - Sync 1 DAGs
[2024-06-25T16:39:41.578+0000] {logging_mixin.py:188} INFO - [2024-06-25T16:39:41.578+0000] {dag.py:3954} INFO - Setting next_dagrun for fill_data to 2024-06-25 00:00:00+00:00, run_after=2024-06-26 00:00:00+00:00
[2024-06-25T16:39:41.587+0000] {processor.py:183} INFO - Processing /opt/airflow/dags/fill_data.py took 0.207 seconds
[2024-06-25T16:40:11.929+0000] {processor.py:161} INFO - Started process (PID=761) to work on /opt/airflow/dags/fill_data.py
[2024-06-25T16:40:11.929+0000] {processor.py:830} INFO - Processing file /opt/airflow/dags/fill_data.py for tasks to queue
[2024-06-25T16:40:11.930+0000] {logging_mixin.py:188} INFO - [2024-06-25T16:40:11.930+0000] {dagbag.py:545} INFO - Filling up the DagBag from /opt/airflow/dags/fill_data.py
[2024-06-25T16:40:12.074+0000] {processor.py:840} INFO - DAG(s) 'fill_data' retrieved from /opt/airflow/dags/fill_data.py
[2024-06-25T16:40:12.080+0000] {logging_mixin.py:188} INFO - [2024-06-25T16:40:12.080+0000] {dag.py:3096} INFO - Sync 1 DAGs
[2024-06-25T16:40:12.086+0000] {logging_mixin.py:188} INFO - [2024-06-25T16:40:12.086+0000] {dag.py:3954} INFO - Setting next_dagrun for fill_data to 2024-06-25 00:00:00+00:00, run_after=2024-06-26 00:00:00+00:00
[2024-06-25T16:40:12.093+0000] {processor.py:183} INFO - Processing /opt/airflow/dags/fill_data.py took 0.168 seconds
[2024-06-25T16:40:42.420+0000] {processor.py:161} INFO - Started process (PID=773) to work on /opt/airflow/dags/fill_data.py
[2024-06-25T16:40:42.420+0000] {processor.py:830} INFO - Processing file /opt/airflow/dags/fill_data.py for tasks to queue
[2024-06-25T16:40:42.421+0000] {logging_mixin.py:188} INFO - [2024-06-25T16:40:42.421+0000] {dagbag.py:545} INFO - Filling up the DagBag from /opt/airflow/dags/fill_data.py
[2024-06-25T16:40:42.578+0000] {processor.py:840} INFO - DAG(s) 'fill_data' retrieved from /opt/airflow/dags/fill_data.py
[2024-06-25T16:40:42.584+0000] {logging_mixin.py:188} INFO - [2024-06-25T16:40:42.584+0000] {dag.py:3096} INFO - Sync 1 DAGs
[2024-06-25T16:40:42.590+0000] {logging_mixin.py:188} INFO - [2024-06-25T16:40:42.590+0000] {dag.py:3954} INFO - Setting next_dagrun for fill_data to 2024-06-25 00:00:00+00:00, run_after=2024-06-26 00:00:00+00:00
[2024-06-25T16:40:42.599+0000] {processor.py:183} INFO - Processing /opt/airflow/dags/fill_data.py took 0.183 seconds
[2024-06-25T16:41:12.935+0000] {processor.py:161} INFO - Started process (PID=785) to work on /opt/airflow/dags/fill_data.py
[2024-06-25T16:41:12.936+0000] {processor.py:830} INFO - Processing file /opt/airflow/dags/fill_data.py for tasks to queue
[2024-06-25T16:41:12.938+0000] {logging_mixin.py:188} INFO - [2024-06-25T16:41:12.938+0000] {dagbag.py:545} INFO - Filling up the DagBag from /opt/airflow/dags/fill_data.py
[2024-06-25T16:41:13.097+0000] {processor.py:840} INFO - DAG(s) 'fill_data' retrieved from /opt/airflow/dags/fill_data.py
[2024-06-25T16:41:13.104+0000] {logging_mixin.py:188} INFO - [2024-06-25T16:41:13.103+0000] {dag.py:3096} INFO - Sync 1 DAGs
[2024-06-25T16:41:13.109+0000] {logging_mixin.py:188} INFO - [2024-06-25T16:41:13.109+0000] {dag.py:3954} INFO - Setting next_dagrun for fill_data to 2024-06-25 00:00:00+00:00, run_after=2024-06-26 00:00:00+00:00
[2024-06-25T16:41:13.117+0000] {processor.py:183} INFO - Processing /opt/airflow/dags/fill_data.py took 0.190 seconds
[2024-06-25T16:41:43.342+0000] {processor.py:161} INFO - Started process (PID=797) to work on /opt/airflow/dags/fill_data.py
[2024-06-25T16:41:43.343+0000] {processor.py:830} INFO - Processing file /opt/airflow/dags/fill_data.py for tasks to queue
[2024-06-25T16:41:43.345+0000] {logging_mixin.py:188} INFO - [2024-06-25T16:41:43.345+0000] {dagbag.py:545} INFO - Filling up the DagBag from /opt/airflow/dags/fill_data.py
[2024-06-25T16:41:43.504+0000] {processor.py:840} INFO - DAG(s) 'fill_data' retrieved from /opt/airflow/dags/fill_data.py
[2024-06-25T16:41:43.510+0000] {logging_mixin.py:188} INFO - [2024-06-25T16:41:43.510+0000] {dag.py:3096} INFO - Sync 1 DAGs
[2024-06-25T16:41:43.516+0000] {logging_mixin.py:188} INFO - [2024-06-25T16:41:43.516+0000] {dag.py:3954} INFO - Setting next_dagrun for fill_data to 2024-06-25 00:00:00+00:00, run_after=2024-06-26 00:00:00+00:00
[2024-06-25T16:41:43.591+0000] {processor.py:183} INFO - Processing /opt/airflow/dags/fill_data.py took 0.255 seconds
[2024-06-25T16:42:14.017+0000] {processor.py:161} INFO - Started process (PID=809) to work on /opt/airflow/dags/fill_data.py
[2024-06-25T16:42:14.018+0000] {processor.py:830} INFO - Processing file /opt/airflow/dags/fill_data.py for tasks to queue
[2024-06-25T16:42:14.020+0000] {logging_mixin.py:188} INFO - [2024-06-25T16:42:14.020+0000] {dagbag.py:545} INFO - Filling up the DagBag from /opt/airflow/dags/fill_data.py
[2024-06-25T16:42:14.199+0000] {processor.py:840} INFO - DAG(s) 'fill_data' retrieved from /opt/airflow/dags/fill_data.py
[2024-06-25T16:42:14.207+0000] {logging_mixin.py:188} INFO - [2024-06-25T16:42:14.207+0000] {dag.py:3096} INFO - Sync 1 DAGs
[2024-06-25T16:42:14.215+0000] {logging_mixin.py:188} INFO - [2024-06-25T16:42:14.215+0000] {dag.py:3954} INFO - Setting next_dagrun for fill_data to 2024-06-25 00:00:00+00:00, run_after=2024-06-26 00:00:00+00:00
[2024-06-25T16:42:14.223+0000] {processor.py:183} INFO - Processing /opt/airflow/dags/fill_data.py took 0.216 seconds
[2024-06-25T16:42:44.623+0000] {processor.py:161} INFO - Started process (PID=821) to work on /opt/airflow/dags/fill_data.py
[2024-06-25T16:42:44.624+0000] {processor.py:830} INFO - Processing file /opt/airflow/dags/fill_data.py for tasks to queue
[2024-06-25T16:42:44.626+0000] {logging_mixin.py:188} INFO - [2024-06-25T16:42:44.626+0000] {dagbag.py:545} INFO - Filling up the DagBag from /opt/airflow/dags/fill_data.py
[2024-06-25T16:42:44.788+0000] {processor.py:840} INFO - DAG(s) 'fill_data' retrieved from /opt/airflow/dags/fill_data.py
[2024-06-25T16:42:44.795+0000] {logging_mixin.py:188} INFO - [2024-06-25T16:42:44.795+0000] {dag.py:3096} INFO - Sync 1 DAGs
[2024-06-25T16:42:44.801+0000] {logging_mixin.py:188} INFO - [2024-06-25T16:42:44.801+0000] {dag.py:3954} INFO - Setting next_dagrun for fill_data to 2024-06-25 00:00:00+00:00, run_after=2024-06-26 00:00:00+00:00
[2024-06-25T16:42:44.809+0000] {processor.py:183} INFO - Processing /opt/airflow/dags/fill_data.py took 0.193 seconds
[2024-06-25T16:43:14.880+0000] {processor.py:161} INFO - Started process (PID=833) to work on /opt/airflow/dags/fill_data.py
[2024-06-25T16:43:14.882+0000] {processor.py:830} INFO - Processing file /opt/airflow/dags/fill_data.py for tasks to queue
[2024-06-25T16:43:14.884+0000] {logging_mixin.py:188} INFO - [2024-06-25T16:43:14.883+0000] {dagbag.py:545} INFO - Filling up the DagBag from /opt/airflow/dags/fill_data.py
[2024-06-25T16:43:15.046+0000] {processor.py:840} INFO - DAG(s) 'fill_data' retrieved from /opt/airflow/dags/fill_data.py
[2024-06-25T16:43:15.053+0000] {logging_mixin.py:188} INFO - [2024-06-25T16:43:15.053+0000] {dag.py:3096} INFO - Sync 1 DAGs
[2024-06-25T16:43:15.059+0000] {logging_mixin.py:188} INFO - [2024-06-25T16:43:15.059+0000] {dag.py:3954} INFO - Setting next_dagrun for fill_data to 2024-06-25 00:00:00+00:00, run_after=2024-06-26 00:00:00+00:00
[2024-06-25T16:43:15.067+0000] {processor.py:183} INFO - Processing /opt/airflow/dags/fill_data.py took 0.194 seconds
[2024-06-25T16:43:43.499+0000] {processor.py:161} INFO - Started process (PID=845) to work on /opt/airflow/dags/fill_data.py
[2024-06-25T16:43:43.500+0000] {processor.py:830} INFO - Processing file /opt/airflow/dags/fill_data.py for tasks to queue
[2024-06-25T16:43:43.501+0000] {logging_mixin.py:188} INFO - [2024-06-25T16:43:43.500+0000] {dagbag.py:545} INFO - Filling up the DagBag from /opt/airflow/dags/fill_data.py
[2024-06-25T16:43:43.663+0000] {logging_mixin.py:188} INFO - [2024-06-25T16:43:43.662+0000] {dagbag.py:355} ERROR - Failed to import: /opt/airflow/dags/fill_data.py
Traceback (most recent call last):
  File "/usr/local/lib/python3.11/site-packages/airflow/models/dagbag.py", line 351, in parse
    loader.exec_module(new_module)
  File "<frozen importlib._bootstrap_external>", line 940, in exec_module
  File "<frozen importlib._bootstrap>", line 241, in _call_with_frames_removed
  File "/opt/airflow/dags/fill_data.py", line 212, in <module>
    start_date=days_ago(1),
               ^^^^^^^^
NameError: name 'days_ago' is not defined
[2024-06-25T16:43:43.663+0000] {processor.py:842} WARNING - No viable dags retrieved from /opt/airflow/dags/fill_data.py
[2024-06-25T16:43:43.671+0000] {processor.py:183} INFO - Processing /opt/airflow/dags/fill_data.py took 0.175 seconds
[2024-06-25T16:44:06.687+0000] {processor.py:161} INFO - Started process (PID=857) to work on /opt/airflow/dags/fill_data.py
[2024-06-25T16:44:06.689+0000] {processor.py:830} INFO - Processing file /opt/airflow/dags/fill_data.py for tasks to queue
[2024-06-25T16:44:06.690+0000] {logging_mixin.py:188} INFO - [2024-06-25T16:44:06.690+0000] {dagbag.py:545} INFO - Filling up the DagBag from /opt/airflow/dags/fill_data.py
[2024-06-25T16:44:06.898+0000] {logging_mixin.py:188} INFO - [2024-06-25T16:44:06.897+0000] {dagbag.py:355} ERROR - Failed to import: /opt/airflow/dags/fill_data.py
Traceback (most recent call last):
  File "/usr/local/lib/python3.11/site-packages/airflow/models/dagbag.py", line 351, in parse
    loader.exec_module(new_module)
  File "<frozen importlib._bootstrap_external>", line 940, in exec_module
  File "<frozen importlib._bootstrap>", line 241, in _call_with_frames_removed
  File "/opt/airflow/dags/fill_data.py", line 212, in <module>
    start_date=days_ago(1),
               ^^^^^^^^
NameError: name 'days_ago' is not defined
[2024-06-25T16:44:06.898+0000] {processor.py:842} WARNING - No viable dags retrieved from /opt/airflow/dags/fill_data.py
[2024-06-25T16:44:06.906+0000] {processor.py:183} INFO - Processing /opt/airflow/dags/fill_data.py took 0.227 seconds
[2024-06-25T16:44:40.354+0000] {processor.py:161} INFO - Started process (PID=881) to work on /opt/airflow/dags/fill_data.py
[2024-06-25T16:44:40.355+0000] {processor.py:830} INFO - Processing file /opt/airflow/dags/fill_data.py for tasks to queue
[2024-06-25T16:44:40.357+0000] {logging_mixin.py:188} INFO - [2024-06-25T16:44:40.356+0000] {dagbag.py:545} INFO - Filling up the DagBag from /opt/airflow/dags/fill_data.py
[2024-06-25T16:44:40.542+0000] {logging_mixin.py:188} INFO - [2024-06-25T16:44:40.541+0000] {dagbag.py:355} ERROR - Failed to import: /opt/airflow/dags/fill_data.py
Traceback (most recent call last):
  File "/usr/local/lib/python3.11/site-packages/airflow/models/dagbag.py", line 351, in parse
    loader.exec_module(new_module)
  File "<frozen importlib._bootstrap_external>", line 940, in exec_module
  File "<frozen importlib._bootstrap>", line 241, in _call_with_frames_removed
  File "/opt/airflow/dags/fill_data.py", line 212, in <module>
    start_date=days_ago(1),
               ^^^^^^^^
NameError: name 'days_ago' is not defined
[2024-06-25T16:44:40.543+0000] {processor.py:842} WARNING - No viable dags retrieved from /opt/airflow/dags/fill_data.py
[2024-06-25T16:44:40.550+0000] {processor.py:183} INFO - Processing /opt/airflow/dags/fill_data.py took 0.202 seconds
[2024-06-25T16:45:34.546+0000] {processor.py:161} INFO - Started process (PID=25) to work on /opt/airflow/dags/fill_data.py
[2024-06-25T16:45:34.547+0000] {processor.py:830} INFO - Processing file /opt/airflow/dags/fill_data.py for tasks to queue
[2024-06-25T16:45:34.549+0000] {logging_mixin.py:188} INFO - [2024-06-25T16:45:34.549+0000] {dagbag.py:545} INFO - Filling up the DagBag from /opt/airflow/dags/fill_data.py
[2024-06-25T16:45:34.774+0000] {logging_mixin.py:188} INFO - [2024-06-25T16:45:34.774+0000] {dagbag.py:355} ERROR - Failed to import: /opt/airflow/dags/fill_data.py
Traceback (most recent call last):
  File "/usr/local/lib/python3.11/site-packages/airflow/models/dagbag.py", line 351, in parse
    loader.exec_module(new_module)
  File "<frozen importlib._bootstrap_external>", line 940, in exec_module
  File "<frozen importlib._bootstrap>", line 241, in _call_with_frames_removed
  File "/opt/airflow/dags/fill_data.py", line 212, in <module>
    start_date=days_ago(1),
               ^^^^^^^^
NameError: name 'days_ago' is not defined
[2024-06-25T16:45:34.775+0000] {processor.py:842} WARNING - No viable dags retrieved from /opt/airflow/dags/fill_data.py
[2024-06-25T16:45:34.780+0000] {processor.py:183} INFO - Processing /opt/airflow/dags/fill_data.py took 0.241 seconds
[2024-06-25T16:46:09.672+0000] {processor.py:161} INFO - Started process (PID=42) to work on /opt/airflow/dags/fill_data.py
[2024-06-25T16:46:09.674+0000] {processor.py:830} INFO - Processing file /opt/airflow/dags/fill_data.py for tasks to queue
[2024-06-25T16:46:09.675+0000] {logging_mixin.py:188} INFO - [2024-06-25T16:46:09.675+0000] {dagbag.py:545} INFO - Filling up the DagBag from /opt/airflow/dags/fill_data.py
[2024-06-25T16:46:09.881+0000] {logging_mixin.py:188} INFO - [2024-06-25T16:46:09.880+0000] {dagbag.py:355} ERROR - Failed to import: /opt/airflow/dags/fill_data.py
Traceback (most recent call last):
  File "/usr/local/lib/python3.11/site-packages/airflow/models/dagbag.py", line 351, in parse
    loader.exec_module(new_module)
  File "<frozen importlib._bootstrap_external>", line 940, in exec_module
  File "<frozen importlib._bootstrap>", line 241, in _call_with_frames_removed
  File "/opt/airflow/dags/fill_data.py", line 212, in <module>
    start_date=days_ago(1),
               ^^^^^^^^
NameError: name 'days_ago' is not defined
[2024-06-25T16:46:09.881+0000] {processor.py:842} WARNING - No viable dags retrieved from /opt/airflow/dags/fill_data.py
[2024-06-25T16:46:09.887+0000] {processor.py:183} INFO - Processing /opt/airflow/dags/fill_data.py took 0.221 seconds
[2024-06-25T16:46:44.734+0000] {processor.py:161} INFO - Started process (PID=59) to work on /opt/airflow/dags/fill_data.py
[2024-06-25T16:46:44.736+0000] {processor.py:830} INFO - Processing file /opt/airflow/dags/fill_data.py for tasks to queue
[2024-06-25T16:46:44.738+0000] {logging_mixin.py:188} INFO - [2024-06-25T16:46:44.737+0000] {dagbag.py:545} INFO - Filling up the DagBag from /opt/airflow/dags/fill_data.py
[2024-06-25T16:46:44.995+0000] {processor.py:840} INFO - DAG(s) 'fill_data', 'fill_data_scheduler' retrieved from /opt/airflow/dags/fill_data.py
[2024-06-25T16:46:45.020+0000] {logging_mixin.py:188} INFO - [2024-06-25T16:46:45.020+0000] {override.py:1829} INFO - Created Permission View: can read on DAG:fill_data_scheduler
[2024-06-25T16:46:45.023+0000] {logging_mixin.py:188} INFO - [2024-06-25T16:46:45.023+0000] {override.py:1829} INFO - Created Permission View: can edit on DAG:fill_data_scheduler
[2024-06-25T16:46:45.025+0000] {logging_mixin.py:188} INFO - [2024-06-25T16:46:45.025+0000] {override.py:1829} INFO - Created Permission View: can delete on DAG:fill_data_scheduler
[2024-06-25T16:46:45.026+0000] {logging_mixin.py:188} INFO - [2024-06-25T16:46:45.026+0000] {dag.py:3096} INFO - Sync 2 DAGs
[2024-06-25T16:46:45.030+0000] {logging_mixin.py:188} INFO - [2024-06-25T16:46:45.030+0000] {dag.py:3118} INFO - Creating ORM DAG for fill_data_scheduler
[2024-06-25T16:46:45.032+0000] {logging_mixin.py:188} INFO - [2024-06-25T16:46:45.032+0000] {dag.py:3954} INFO - Setting next_dagrun for fill_data to None, run_after=None
[2024-06-25T16:46:45.033+0000] {logging_mixin.py:188} INFO - [2024-06-25T16:46:45.033+0000] {dag.py:3954} INFO - Setting next_dagrun for fill_data_scheduler to 2024-06-24 00:00:00+00:00, run_after=2024-07-01 00:00:00+00:00
[2024-06-25T16:46:45.041+0000] {processor.py:183} INFO - Processing /opt/airflow/dags/fill_data.py took 0.313 seconds
[2024-06-25T16:46:58.455+0000] {processor.py:161} INFO - Started process (PID=70) to work on /opt/airflow/dags/fill_data.py
[2024-06-25T16:46:58.456+0000] {processor.py:830} INFO - Processing file /opt/airflow/dags/fill_data.py for tasks to queue
[2024-06-25T16:46:58.457+0000] {logging_mixin.py:188} INFO - [2024-06-25T16:46:58.456+0000] {dagbag.py:545} INFO - Filling up the DagBag from /opt/airflow/dags/fill_data.py
[2024-06-25T16:46:58.692+0000] {processor.py:840} INFO - DAG(s) 'fill_data', 'fill_data_scheduler' retrieved from /opt/airflow/dags/fill_data.py
[2024-06-25T16:46:58.696+0000] {logging_mixin.py:188} INFO - [2024-06-25T16:46:58.696+0000] {dag.py:3096} INFO - Sync 2 DAGs
[2024-06-25T16:46:58.703+0000] {logging_mixin.py:188} INFO - [2024-06-25T16:46:58.703+0000] {dag.py:3954} INFO - Setting next_dagrun for fill_data to None, run_after=None
[2024-06-25T16:46:58.706+0000] {logging_mixin.py:188} INFO - [2024-06-25T16:46:58.706+0000] {dag.py:3954} INFO - Setting next_dagrun for fill_data_scheduler to 2024-06-24 00:00:00+00:00, run_after=2024-07-01 00:00:00+00:00
[2024-06-25T16:46:58.718+0000] {processor.py:183} INFO - Processing /opt/airflow/dags/fill_data.py took 0.266 seconds
[2024-06-25T16:47:11.539+0000] {processor.py:161} INFO - Started process (PID=81) to work on /opt/airflow/dags/fill_data.py
[2024-06-25T16:47:11.539+0000] {processor.py:830} INFO - Processing file /opt/airflow/dags/fill_data.py for tasks to queue
[2024-06-25T16:47:11.540+0000] {logging_mixin.py:188} INFO - [2024-06-25T16:47:11.540+0000] {dagbag.py:545} INFO - Filling up the DagBag from /opt/airflow/dags/fill_data.py
[2024-06-25T16:47:11.751+0000] {processor.py:840} INFO - DAG(s) 'fill_data', 'fill_data_scheduler' retrieved from /opt/airflow/dags/fill_data.py
[2024-06-25T16:47:11.752+0000] {logging_mixin.py:188} INFO - [2024-06-25T16:47:11.752+0000] {dag.py:3096} INFO - Sync 2 DAGs
[2024-06-25T16:47:11.758+0000] {logging_mixin.py:188} INFO - [2024-06-25T16:47:11.757+0000] {dag.py:3954} INFO - Setting next_dagrun for fill_data to None, run_after=None
[2024-06-25T16:47:11.759+0000] {logging_mixin.py:188} INFO - [2024-06-25T16:47:11.759+0000] {dag.py:3954} INFO - Setting next_dagrun for fill_data_scheduler to 2024-06-24 00:00:00+00:00, run_after=2024-07-01 00:00:00+00:00
[2024-06-25T16:47:11.766+0000] {processor.py:183} INFO - Processing /opt/airflow/dags/fill_data.py took 0.230 seconds
[2024-06-25T16:47:42.736+0000] {processor.py:161} INFO - Started process (PID=122) to work on /opt/airflow/dags/fill_data.py
[2024-06-25T16:47:42.738+0000] {processor.py:830} INFO - Processing file /opt/airflow/dags/fill_data.py for tasks to queue
[2024-06-25T16:47:42.740+0000] {logging_mixin.py:188} INFO - [2024-06-25T16:47:42.740+0000] {dagbag.py:545} INFO - Filling up the DagBag from /opt/airflow/dags/fill_data.py
[2024-06-25T16:47:42.950+0000] {processor.py:840} INFO - DAG(s) 'fill_data', 'fill_data_scheduler' retrieved from /opt/airflow/dags/fill_data.py
[2024-06-25T16:47:42.958+0000] {logging_mixin.py:188} INFO - [2024-06-25T16:47:42.958+0000] {dag.py:3096} INFO - Sync 2 DAGs
[2024-06-25T16:47:42.964+0000] {logging_mixin.py:188} INFO - [2024-06-25T16:47:42.964+0000] {dag.py:3954} INFO - Setting next_dagrun for fill_data to None, run_after=None
[2024-06-25T16:47:42.966+0000] {logging_mixin.py:188} INFO - [2024-06-25T16:47:42.966+0000] {dag.py:3954} INFO - Setting next_dagrun for fill_data_scheduler to 2024-06-24 00:00:00+00:00, run_after=2024-07-01 00:00:00+00:00
[2024-06-25T16:47:42.973+0000] {processor.py:183} INFO - Processing /opt/airflow/dags/fill_data.py took 0.243 seconds
[2024-06-25T16:48:03.893+0000] {processor.py:161} INFO - Started process (PID=151) to work on /opt/airflow/dags/fill_data.py
[2024-06-25T16:48:03.894+0000] {processor.py:830} INFO - Processing file /opt/airflow/dags/fill_data.py for tasks to queue
[2024-06-25T16:48:03.896+0000] {logging_mixin.py:188} INFO - [2024-06-25T16:48:03.896+0000] {dagbag.py:545} INFO - Filling up the DagBag from /opt/airflow/dags/fill_data.py
[2024-06-25T16:48:04.119+0000] {processor.py:840} INFO - DAG(s) 'fill_data_scheduler', 'fill_data' retrieved from /opt/airflow/dags/fill_data.py
[2024-06-25T16:48:04.128+0000] {logging_mixin.py:188} INFO - [2024-06-25T16:48:04.128+0000] {dag.py:3096} INFO - Sync 2 DAGs
[2024-06-25T16:48:04.133+0000] {logging_mixin.py:188} INFO - [2024-06-25T16:48:04.133+0000] {dag.py:3954} INFO - Setting next_dagrun for fill_data to None, run_after=None
[2024-06-25T16:48:04.135+0000] {logging_mixin.py:188} INFO - [2024-06-25T16:48:04.134+0000] {dag.py:3954} INFO - Setting next_dagrun for fill_data_scheduler to 2024-06-24 00:00:00+00:00, run_after=2024-07-01 00:00:00+00:00
[2024-06-25T16:48:04.144+0000] {processor.py:183} INFO - Processing /opt/airflow/dags/fill_data.py took 0.258 seconds
[2024-06-25T16:48:12.947+0000] {processor.py:161} INFO - Started process (PID=162) to work on /opt/airflow/dags/fill_data.py
[2024-06-25T16:48:12.948+0000] {processor.py:830} INFO - Processing file /opt/airflow/dags/fill_data.py for tasks to queue
[2024-06-25T16:48:12.950+0000] {logging_mixin.py:188} INFO - [2024-06-25T16:48:12.949+0000] {dagbag.py:545} INFO - Filling up the DagBag from /opt/airflow/dags/fill_data.py
[2024-06-25T16:48:13.164+0000] {processor.py:840} INFO - DAG(s) 'fill_data', 'fill_data_scheduler' retrieved from /opt/airflow/dags/fill_data.py
[2024-06-25T16:48:13.173+0000] {logging_mixin.py:188} INFO - [2024-06-25T16:48:13.173+0000] {dag.py:3096} INFO - Sync 2 DAGs
[2024-06-25T16:48:13.178+0000] {logging_mixin.py:188} INFO - [2024-06-25T16:48:13.178+0000] {dag.py:3954} INFO - Setting next_dagrun for fill_data to None, run_after=None
[2024-06-25T16:48:13.180+0000] {logging_mixin.py:188} INFO - [2024-06-25T16:48:13.179+0000] {dag.py:3954} INFO - Setting next_dagrun for fill_data_scheduler to 2024-06-24 00:00:00+00:00, run_after=2024-07-01 00:00:00+00:00
[2024-06-25T16:48:13.187+0000] {processor.py:183} INFO - Processing /opt/airflow/dags/fill_data.py took 0.247 seconds
[2024-06-25T16:48:43.561+0000] {processor.py:161} INFO - Started process (PID=179) to work on /opt/airflow/dags/fill_data.py
[2024-06-25T16:48:43.562+0000] {processor.py:830} INFO - Processing file /opt/airflow/dags/fill_data.py for tasks to queue
[2024-06-25T16:48:43.564+0000] {logging_mixin.py:188} INFO - [2024-06-25T16:48:43.563+0000] {dagbag.py:545} INFO - Filling up the DagBag from /opt/airflow/dags/fill_data.py
[2024-06-25T16:48:43.722+0000] {processor.py:840} INFO - DAG(s) 'fill_data', 'fill_data_scheduler' retrieved from /opt/airflow/dags/fill_data.py
[2024-06-25T16:48:43.731+0000] {logging_mixin.py:188} INFO - [2024-06-25T16:48:43.731+0000] {dag.py:3096} INFO - Sync 2 DAGs
[2024-06-25T16:48:43.737+0000] {logging_mixin.py:188} INFO - [2024-06-25T16:48:43.737+0000] {dag.py:3954} INFO - Setting next_dagrun for fill_data to None, run_after=None
[2024-06-25T16:48:43.739+0000] {logging_mixin.py:188} INFO - [2024-06-25T16:48:43.739+0000] {dag.py:3954} INFO - Setting next_dagrun for fill_data_scheduler to 2024-06-24 00:00:00+00:00, run_after=2024-07-01 00:00:00+00:00
[2024-06-25T16:48:43.746+0000] {processor.py:183} INFO - Processing /opt/airflow/dags/fill_data.py took 0.190 seconds
[2024-06-25T16:49:13.969+0000] {processor.py:161} INFO - Started process (PID=196) to work on /opt/airflow/dags/fill_data.py
[2024-06-25T16:49:13.970+0000] {processor.py:830} INFO - Processing file /opt/airflow/dags/fill_data.py for tasks to queue
[2024-06-25T16:49:13.972+0000] {logging_mixin.py:188} INFO - [2024-06-25T16:49:13.971+0000] {dagbag.py:545} INFO - Filling up the DagBag from /opt/airflow/dags/fill_data.py
[2024-06-25T16:49:14.142+0000] {processor.py:840} INFO - DAG(s) 'fill_data_scheduler', 'fill_data' retrieved from /opt/airflow/dags/fill_data.py
[2024-06-25T16:49:14.152+0000] {logging_mixin.py:188} INFO - [2024-06-25T16:49:14.152+0000] {dag.py:3096} INFO - Sync 2 DAGs
[2024-06-25T16:49:14.158+0000] {logging_mixin.py:188} INFO - [2024-06-25T16:49:14.158+0000] {dag.py:3954} INFO - Setting next_dagrun for fill_data to None, run_after=None
[2024-06-25T16:49:14.160+0000] {logging_mixin.py:188} INFO - [2024-06-25T16:49:14.159+0000] {dag.py:3954} INFO - Setting next_dagrun for fill_data_scheduler to 2024-06-24 00:00:00+00:00, run_after=2024-07-01 00:00:00+00:00
[2024-06-25T16:49:14.167+0000] {processor.py:183} INFO - Processing /opt/airflow/dags/fill_data.py took 0.205 seconds
[2024-06-25T16:49:18.003+0000] {processor.py:161} INFO - Started process (PID=207) to work on /opt/airflow/dags/fill_data.py
[2024-06-25T16:49:18.004+0000] {processor.py:830} INFO - Processing file /opt/airflow/dags/fill_data.py for tasks to queue
[2024-06-25T16:49:18.005+0000] {logging_mixin.py:188} INFO - [2024-06-25T16:49:18.005+0000] {dagbag.py:545} INFO - Filling up the DagBag from /opt/airflow/dags/fill_data.py
[2024-06-25T16:49:18.194+0000] {processor.py:840} INFO - DAG(s) 'fill_data', 'fill_data_scheduler' retrieved from /opt/airflow/dags/fill_data.py
[2024-06-25T16:49:18.206+0000] {logging_mixin.py:188} INFO - [2024-06-25T16:49:18.206+0000] {dag.py:3096} INFO - Sync 2 DAGs
[2024-06-25T16:49:18.213+0000] {logging_mixin.py:188} INFO - [2024-06-25T16:49:18.213+0000] {dag.py:3954} INFO - Setting next_dagrun for fill_data to None, run_after=None
[2024-06-25T16:49:18.215+0000] {logging_mixin.py:188} INFO - [2024-06-25T16:49:18.215+0000] {dag.py:3954} INFO - Setting next_dagrun for fill_data_scheduler to 2024-06-24 00:00:00+00:00, run_after=2024-07-01 00:00:00+00:00
[2024-06-25T16:49:18.224+0000] {processor.py:183} INFO - Processing /opt/airflow/dags/fill_data.py took 0.224 seconds
[2024-06-25T16:49:20.900+0000] {processor.py:161} INFO - Started process (PID=218) to work on /opt/airflow/dags/fill_data.py
[2024-06-25T16:49:20.901+0000] {processor.py:830} INFO - Processing file /opt/airflow/dags/fill_data.py for tasks to queue
[2024-06-25T16:49:20.902+0000] {logging_mixin.py:188} INFO - [2024-06-25T16:49:20.901+0000] {dagbag.py:545} INFO - Filling up the DagBag from /opt/airflow/dags/fill_data.py
[2024-06-25T16:49:21.065+0000] {processor.py:840} INFO - DAG(s) 'fill_data', 'fill_data_scheduler' retrieved from /opt/airflow/dags/fill_data.py
[2024-06-25T16:49:21.076+0000] {logging_mixin.py:188} INFO - [2024-06-25T16:49:21.076+0000] {dag.py:3096} INFO - Sync 2 DAGs
[2024-06-25T16:49:21.083+0000] {logging_mixin.py:188} INFO - [2024-06-25T16:49:21.082+0000] {dag.py:3954} INFO - Setting next_dagrun for fill_data to None, run_after=None
[2024-06-25T16:49:21.084+0000] {logging_mixin.py:188} INFO - [2024-06-25T16:49:21.084+0000] {dag.py:3954} INFO - Setting next_dagrun for fill_data_scheduler to 2024-06-24 00:00:00+00:00, run_after=2024-07-01 00:00:00+00:00
[2024-06-25T16:49:21.092+0000] {processor.py:183} INFO - Processing /opt/airflow/dags/fill_data.py took 0.194 seconds
[2024-06-25T16:49:51.880+0000] {processor.py:161} INFO - Started process (PID=235) to work on /opt/airflow/dags/fill_data.py
[2024-06-25T16:49:51.885+0000] {processor.py:830} INFO - Processing file /opt/airflow/dags/fill_data.py for tasks to queue
[2024-06-25T16:49:51.886+0000] {logging_mixin.py:188} INFO - [2024-06-25T16:49:51.886+0000] {dagbag.py:545} INFO - Filling up the DagBag from /opt/airflow/dags/fill_data.py
[2024-06-25T16:49:52.036+0000] {processor.py:840} INFO - DAG(s) 'fill_data_scheduler', 'fill_data' retrieved from /opt/airflow/dags/fill_data.py
[2024-06-25T16:49:52.047+0000] {logging_mixin.py:188} INFO - [2024-06-25T16:49:52.047+0000] {dag.py:3096} INFO - Sync 2 DAGs
[2024-06-25T16:49:52.054+0000] {logging_mixin.py:188} INFO - [2024-06-25T16:49:52.054+0000] {dag.py:3954} INFO - Setting next_dagrun for fill_data to None, run_after=None
[2024-06-25T16:49:52.055+0000] {logging_mixin.py:188} INFO - [2024-06-25T16:49:52.055+0000] {dag.py:3954} INFO - Setting next_dagrun for fill_data_scheduler to 2024-06-24 00:00:00+00:00, run_after=2024-07-01 00:00:00+00:00
[2024-06-25T16:49:52.063+0000] {processor.py:183} INFO - Processing /opt/airflow/dags/fill_data.py took 0.189 seconds
[2024-06-25T16:50:22.493+0000] {processor.py:161} INFO - Started process (PID=252) to work on /opt/airflow/dags/fill_data.py
[2024-06-25T16:50:22.494+0000] {processor.py:830} INFO - Processing file /opt/airflow/dags/fill_data.py for tasks to queue
[2024-06-25T16:50:22.496+0000] {logging_mixin.py:188} INFO - [2024-06-25T16:50:22.496+0000] {dagbag.py:545} INFO - Filling up the DagBag from /opt/airflow/dags/fill_data.py
[2024-06-25T16:50:22.692+0000] {processor.py:840} INFO - DAG(s) 'fill_data_scheduler', 'fill_data' retrieved from /opt/airflow/dags/fill_data.py
[2024-06-25T16:50:22.705+0000] {logging_mixin.py:188} INFO - [2024-06-25T16:50:22.705+0000] {dag.py:3096} INFO - Sync 2 DAGs
[2024-06-25T16:50:22.713+0000] {logging_mixin.py:188} INFO - [2024-06-25T16:50:22.712+0000] {dag.py:3954} INFO - Setting next_dagrun for fill_data to None, run_after=None
[2024-06-25T16:50:22.715+0000] {logging_mixin.py:188} INFO - [2024-06-25T16:50:22.715+0000] {dag.py:3954} INFO - Setting next_dagrun for fill_data_scheduler to 2024-06-24 00:00:00+00:00, run_after=2024-07-01 00:00:00+00:00
[2024-06-25T16:50:22.725+0000] {processor.py:183} INFO - Processing /opt/airflow/dags/fill_data.py took 0.239 seconds
